#
# There is insufficient memory for the Java Runtime Environment to continue.
# Native memory allocation (mmap) failed to map 333447168 bytes for Failed to commit area from 0x00000006c2600000 to 0x00000006d6400000 of length 333447168.
# Possible reasons:
#   The system is out of physical RAM or swap space
#   The process is running with CompressedOops enabled, and the Java Heap may be blocking the growth of the native heap
# Possible solutions:
#   Reduce memory load on the system
#   Increase physical memory or swap space
#   Check if swap backing store is full
#   Decrease Java heap size (-Xmx/-Xms)
#   Decrease number of Java threads
#   Decrease Java thread stack sizes (-Xss)
#   Set larger code cache with -XX:ReservedCodeCacheSize=
# This output file may be truncated or incomplete.
#
#  Out of Memory Error (src/hotspot/os/windows/os_windows.cpp:3627), pid=27416, tid=30036
#
# JRE version:  (11.0.15) (build )
# Java VM: OpenJDK 64-Bit Server VM (11.0.15+0-b2043.56-9505619, mixed mode, sharing, tiered, compressed oops, g1 gc, windows-amd64)
# No core dump will be written. Minidumps are not enabled by default on client versions of Windows
#

---------------  S U M M A R Y ------------

Command Line: git4idea.http.GitAskPassApp Username for 'https://github.com': 

Host: Intel(R) Core(TM) i5-8300H CPU @ 2.30GHz, 8 cores, 19G,  Windows 11 , 64 bit Build 25324 (10.0.25324.1000)
Time: Fri May 12 23:06:29 2023 Hora est. Pacífico, Sudamérica elapsed time: 4.554205 seconds (0d 0h 0m 4s)

---------------  T H R E A D  ---------------

Current thread (0x000001ef73901800):  JavaThread "Unknown thread" [_thread_in_vm, id=30036, stack(0x000000ed53200000,0x000000ed53300000)]

Stack: [0x000000ed53200000,0x000000ed53300000]
Native frames: (J=compiled Java code, j=interpreted, Vv=VM code, C=native code)
V  [jvm.dll+0x64135a]
V  [jvm.dll+0x7d39f9]
V  [jvm.dll+0x7d51b9]
V  [jvm.dll+0x7d58a3]
V  [jvm.dll+0x2691c5]
V  [jvm.dll+0x63e4e9]
V  [jvm.dll+0x632985]
V  [jvm.dll+0x3231ac]
V  [jvm.dll+0x323032]
V  [jvm.dll+0x327c06]
V  [jvm.dll+0x36ffa2]
V  [jvm.dll+0x36fa01]
V  [jvm.dll+0x2fea28]
V  [jvm.dll+0x2ffb25]
V  [jvm.dll+0x7accd7]
V  [jvm.dll+0x7ae49f]
V  [jvm.dll+0x37d299]
V  [jvm.dll+0x78ef9f]
V  [jvm.dll+0x3ec847]
V  [jvm.dll+0x3eed31]
C  [jli.dll+0x52cb]
C  [ucrtbase.dll+0x1693b]
C  [KERNEL32.DLL+0x3e2d]
C  [ntdll.dll+0x4f298]


---------------  P R O C E S S  ---------------

Threads class SMR info:
_java_thread_list=0x000001ef736da030, length=0, elements={
}

Java Threads: ( => current thread )

Other Threads:
  0x000001ef7391b800 GCTaskThread "GC Thread#0" [stack: 0x000000ed53300000,0x000000ed53400000] [id=10516]
  0x000001ef73992000 ConcurrentGCThread "G1 Main Marker" [stack: 0x000000ed53400000,0x000000ed53500000] [id=28416]
  0x000001ef73996000 ConcurrentGCThread "G1 Conc#0" [stack: 0x000000ed53500000,0x000000ed53600000] [id=20792]

[error occurred during error reporting (printing all threads), id 0xc0000005, EXCEPTION_ACCESS_VIOLATION (0xc0000005) at pc=0x00007ffddb61f3e7]

VM state:not at safepoint (not fully initialized)

VM Mutex/Monitor currently owned by a thread:  ([mutex/lock_event])
[0x000001ef738ff3a0] Heap_lock - owner thread: 0x000001ef73901800

Heap address: 0x00000006c2600000, size: 5082 MB, Compressed Oops mode: Non-zero based: 0x00000006c2600000
Narrow klass base: 0x0000000000000000, Narrow klass shift: 0

GC Heap History (0 events):
No events

Deoptimization events (0 events):
No events

Classes redefined (0 events):
No events

Internal exceptions (0 events):
No events

Events (1 events):
Event: 0.009 Loaded shared library C:\Program Files\Android\Android Studio\jbr\bin\zip.dll


Dynamic libraries:
0x00007ff62a400000 - 0x00007ff62a40a000 	C:\Program Files\Android\Android Studio\jbr\bin\java.exe
0x00007ffe39710000 - 0x00007ffe39926000 	C:\WINDOWS\SYSTEM32\ntdll.dll
0x00007ffe38bb0000 - 0x00007ffe38c73000 	C:\WINDOWS\System32\KERNEL32.DLL
0x00007ffe36da0000 - 0x00007ffe3714d000 	C:\WINDOWS\System32\KERNELBASE.dll
0x00007ffe33e40000 - 0x00007ffe33eda000 	C:\WINDOWS\SYSTEM32\apphelp.dll
0x00007ffe37360000 - 0x00007ffe37476000 	C:\WINDOWS\System32\ucrtbase.dll
0x00007ffe0e1a0000 - 0x00007ffe0e1b7000 	C:\Program Files\Android\Android Studio\jbr\bin\jli.dll
0x00007ffe0e150000 - 0x00007ffe0e16b000 	C:\Program Files\Android\Android Studio\jbr\bin\VCRUNTIME140.dll
0x00007ffe37700000 - 0x00007ffe378b3000 	C:\WINDOWS\System32\USER32.dll
0x00007ffe36a50000 - 0x00007ffe36a77000 	C:\WINDOWS\System32\win32u.dll
0x00007ffe1a120000 - 0x00007ffe1a3be000 	C:\WINDOWS\WinSxS\amd64_microsoft.windows.common-controls_6595b64144ccf1df_6.0.25324.1000_none_7b811a06a3d22351\COMCTL32.dll
0x00007ffe382f0000 - 0x00007ffe38397000 	C:\WINDOWS\System32\msvcrt.dll
0x00007ffe37ca0000 - 0x00007ffe37cc9000 	C:\WINDOWS\System32\GDI32.dll
0x00007ffe36c70000 - 0x00007ffe36d90000 	C:\WINDOWS\System32\gdi32full.dll
0x00007ffe36a80000 - 0x00007ffe36b25000 	C:\WINDOWS\System32\msvcp_win.dll
0x00007ffe39500000 - 0x00007ffe39530000 	C:\WINDOWS\System32\IMM32.DLL
0x00007ffe28310000 - 0x00007ffe2831c000 	C:\Program Files\Android\Android Studio\jbr\bin\vcruntime140_1.dll
0x00007ffe0deb0000 - 0x00007ffe0df3d000 	C:\Program Files\Android\Android Studio\jbr\bin\msvcp140.dll
0x00007ffddb310000 - 0x00007ffddbecc000 	C:\Program Files\Android\Android Studio\jbr\bin\server\jvm.dll
0x00007ffe38c80000 - 0x00007ffe38d30000 	C:\WINDOWS\System32\ADVAPI32.dll
0x00007ffe39370000 - 0x00007ffe39415000 	C:\WINDOWS\System32\sechost.dll
0x00007ffe39210000 - 0x00007ffe3933c000 	C:\WINDOWS\System32\RPCRT4.dll
0x00007ffe38d40000 - 0x00007ffe38d48000 	C:\WINDOWS\System32\PSAPI.DLL
0x00007ffe2d130000 - 0x00007ffe2d139000 	C:\WINDOWS\SYSTEM32\WSOCK32.dll
0x00007ffe37930000 - 0x00007ffe379a4000 	C:\WINDOWS\System32\WS2_32.dll
0x00007ffe2fe60000 - 0x00007ffe2fe6a000 	C:\WINDOWS\SYSTEM32\VERSION.dll
0x00007ffe30580000 - 0x00007ffe305b6000 	C:\WINDOWS\SYSTEM32\WINMM.dll
0x00007ffe359f0000 - 0x00007ffe35a08000 	C:\WINDOWS\SYSTEM32\kernel.appcore.dll
0x00007ffe2d120000 - 0x00007ffe2d130000 	C:\Program Files\Android\Android Studio\jbr\bin\verify.dll
0x00007ffe271d0000 - 0x00007ffe27405000 	C:\WINDOWS\SYSTEM32\DBGHELP.DLL
0x00007ffe37d70000 - 0x00007ffe3811c000 	C:\WINDOWS\System32\combase.dll
0x00007ffe39420000 - 0x00007ffe394f8000 	C:\WINDOWS\System32\OLEAUT32.dll
0x00007ffe1fa50000 - 0x00007ffe1fa82000 	C:\WINDOWS\SYSTEM32\dbgcore.DLL
0x00007ffe372d0000 - 0x00007ffe37357000 	C:\WINDOWS\System32\bcryptPrimitives.dll
0x00007ffe2d0f0000 - 0x00007ffe2d118000 	C:\Program Files\Android\Android Studio\jbr\bin\java.dll
0x00007ffe2cec0000 - 0x00007ffe2ceca000 	C:\Program Files\Android\Android Studio\jbr\bin\jimage.dll
0x00007ffe2cae0000 - 0x00007ffe2caf8000 	C:\Program Files\Android\Android Studio\jbr\bin\zip.dll

dbghelp: loaded successfully - version: 4.0.5 - missing functions: none
symbol engine: initialized successfully - sym options: 0x614 - pdb path: .;C:\Program Files\Android\Android Studio\jbr\bin;C:\WINDOWS\SYSTEM32;C:\WINDOWS\WinSxS\amd64_microsoft.windows.common-controls_6595b64144ccf1df_6.0.25324.1000_none_7b811a06a3d22351;C:\Program Files\Android\Android Studio\jbr\bin\server

VM Arguments:
java_command: git4idea.http.GitAskPassApp Username for 'https://github.com': 
java_class_path (initial): C:/Program Files/Android/Android Studio/plugins/git4idea/lib/git4idea-rt.jar;C:/Program Files/Android/Android Studio/lib/externalProcess-rt.jar;C:/Program Files/Android/Android Studio/lib/app.jar;C:/Program Files/Android/Android Studio/lib/3rd-party-rt.jar
Launcher Type: SUN_STANDARD

[Global flags]
     intx CICompilerCount                          = 4                                         {product} {ergonomic}
     uint ConcGCThreads                            = 2                                         {product} {ergonomic}
     uint G1ConcRefinementThreads                  = 8                                         {product} {ergonomic}
   size_t G1HeapRegionSize                         = 1048576                                   {product} {ergonomic}
    uintx GCDrainStackTargetSize                   = 64                                        {product} {ergonomic}
   size_t InitialHeapSize                          = 333447168                                 {product} {ergonomic}
   size_t MarkStackSize                            = 4194304                                   {product} {ergonomic}
   size_t MaxHeapSize                              = 5328863232                                {product} {ergonomic}
   size_t MinHeapDeltaBytes                        = 1048576                                   {product} {ergonomic}
    uintx NonNMethodCodeHeapSize                   = 5836300                                {pd product} {ergonomic}
    uintx NonProfiledCodeHeapSize                  = 122910970                              {pd product} {ergonomic}
    uintx ProfiledCodeHeapSize                     = 122910970                              {pd product} {ergonomic}
    uintx ReservedCodeCacheSize                    = 251658240                              {pd product} {ergonomic}
     bool SegmentedCodeCache                       = true                                      {product} {ergonomic}
     bool UseCompressedClassPointers               = true                                 {lp64_product} {ergonomic}
     bool UseCompressedOops                        = true                                 {lp64_product} {ergonomic}
     bool UseG1GC                                  = true                                      {product} {ergonomic}
     bool UseLargePagesIndividualAllocation        = false                                  {pd product} {ergonomic}

Logging:
Log output configuration:
 #0: stdout all=warning uptime,level,tags
 #1: stderr all=off uptime,level,tags

Environment Variables:
JAVA_HOME=C:\Program Files\Java\jdk1.8.0_251
PATH=C:\Program Files\Git\mingw64\libexec\git-core;C:\Program Files\Git\mingw64\libexec\git-core;C:\Program Files\Git\mingw64\bin;C:\Program Files\Git\usr\bin;C:\Users\joseb\bin;C:\Program Files (x86)\VMware\VMware Workstation\bin;C:\Program Files\AdoptOpenJDK\jdk-16.0.1.9-hotspot\bin;C:\Program Files (x86)\Intel\Intel(R) Management Engine Components\iCLS;C:\Program Files\Intel\Intel(R) Management Engine Components\iCLS;C:\Program Files (x86)\Common Files\Oracle\Java\javapath;C:\WINDOWS\system32;C:\WINDOWS;C:\WINDOWS\System32\Wbem;C:\WINDOWS\System32\WindowsPowerShell\v1.0;C:\WINDOWS\System32\OpenSSH;C:\Program Files (x86)\Intel\Intel(R) Management Engine Components\DAL;C:\Program Files\Intel\Intel(R) Management Engine Components\DAL;C:\Program Files (x86)\Intel\Intel(R) Management Engine Components\IPT;C:\Program Files\Intel\Intel(R) Management Engine Components\IPT;C:\Program Files\NVIDIA Corporation\NVIDIA NvDLISR;C:\Program Files\MySQL\MySQL Server 8.0\bin;C:\Python27;C:\Cassandra\apache-cassandra-3.11.10\bin;C:\Program Files (x86)\NVIDIA Corporation\PhysX\Common;C:\WINDOWS\system32;C:\WINDOWS;C:\WINDOWS\System32\Wbem;C:\WINDOWS\System32\WindowsPowerShell\v1.0;C:\WINDOWS\System32\OpenSSH;C:\Program Files\apache-maven-3.9.0\bin;C:\Program Files\Git\cmd;C:\Program Files\MySQL\MySQL Shell 8.0\bin;C:\Program Files (x86)\Cracklock\Bin;C:\Users\joseb\AppData\Local\Microsoft\WindowsApps;C:\Users\joseb\AppData\Local\Programs\Microsoft VS Code\bin
USERNAME=joseb
DISPLAY=:0.0
LC_ALL=en_US.UTF-8
OS=Windows_NT
PROCESSOR_IDENTIFIER=Intel64 Family 6 Model 158 Stepping 10, GenuineIntel



---------------  S Y S T E M  ---------------

OS: Windows 11 , 64 bit Build 25324 (10.0.25324.1000)
OS uptime: 5 days 16:06 hours

CPU:total 8 (initial active 8) (4 cores per cpu, 2 threads per core) family 6 model 158 stepping 10 microcode 0xde, cmov, cx8, fxsr, mmx, sse, sse2, sse3, ssse3, sse4.1, sse4.2, popcnt, avx, avx2, aes, clmul, erms, 3dnowpref, lzcnt, ht, tsc, tscinvbit, bmi1, bmi2, adx, fma

Memory: 4k page, system-wide physical 20320M (1113M free)
TotalPageFile size 30606M (AvailPageFile size 1179M)
current process WorkingSet (physical memory assigned to process): 12M, peak: 12M
current process commit charge ("private bytes"): 61M, peak: 379M

vm_info: OpenJDK 64-Bit Server VM (11.0.15+0-b2043.56-9505619) for windows-amd64 JRE (11.0.15+0-b2043.56-9505619), built on Jan 19 2023 02:48:00 by "builduser" with unknown MS VC++:1929

END.
