#
# There is insufficient memory for the Java Runtime Environment to continue.
# Native memory allocation (malloc) failed to allocate 32784 bytes for Chunk::new
# Possible reasons:
#   The system is out of physical RAM or swap space
#   The process is running with CompressedOops enabled, and the Java Heap may be blocking the growth of the native heap
# Possible solutions:
#   Reduce memory load on the system
#   Increase physical memory or swap space
#   Check if swap backing store is full
#   Decrease Java heap size (-Xmx/-Xms)
#   Decrease number of Java threads
#   Decrease Java thread stack sizes (-Xss)
#   Set larger code cache with -XX:ReservedCodeCacheSize=
#   JVM is running with Unscaled Compressed Oops mode in which the Java heap is
#     placed in the first 4GB address space. The Java Heap base address is the
#     maximum limit for the native heap growth. Please use -XX:HeapBaseMinAddress
#     to set the Java Heap base and to place the Java Heap above 4GB virtual address.
# This output file may be truncated or incomplete.
#
#  Out of Memory Error (src/hotspot/share/memory/arena.cpp:197), pid=3620, tid=22256
#
# JRE version: OpenJDK Runtime Environment (11.0.15) (build 11.0.15+0-b2043.56-9505619)
# Java VM: OpenJDK 64-Bit Server VM (11.0.15+0-b2043.56-9505619, mixed mode, tiered, compressed oops, g1 gc, windows-amd64)
# No core dump will be written. Minidumps are not enabled by default on client versions of Windows
#

---------------  S U M M A R Y ------------

Command Line: --add-opens=java.base/java.util=ALL-UNNAMED --add-opens=java.base/java.lang=ALL-UNNAMED --add-opens=java.base/java.lang.invoke=ALL-UNNAMED --add-opens=java.base/java.util=ALL-UNNAMED --add-opens=java.prefs/java.util.prefs=ALL-UNNAMED --add-opens=java.prefs/java.util.prefs=ALL-UNNAMED --add-opens=java.base/java.nio.charset=ALL-UNNAMED --add-opens=java.base/java.net=ALL-UNNAMED --add-opens=java.base/java.util.concurrent.atomic=ALL-UNNAMED -Xmx2048m -Dfile.encoding=UTF-8 -Duser.country=ES -Duser.language=es -Duser.variant org.gradle.launcher.daemon.bootstrap.GradleDaemon 7.5

Host: Intel(R) Core(TM) i5-8300H CPU @ 2.30GHz, 8 cores, 19G,  Windows 11 , 64 bit Build 25324 (10.0.25324.1000)
Time: Fri May 12 22:57:07 2023 Hora est. Pacífico, Sudamérica elapsed time: 121.673232 seconds (0d 0h 2m 1s)

---------------  T H R E A D  ---------------

Current thread (0x00000210f03b2000):  JavaThread "C2 CompilerThread0" daemon [_thread_in_native, id=22256, stack(0x000000aa68600000,0x000000aa68700000)]


Current CompileTask:
C2: 121673 4961       4       javax.management.ObjectName::construct (1135 bytes)

Stack: [0x000000aa68600000,0x000000aa68700000]
Native frames: (J=compiled Java code, j=interpreted, Vv=VM code, C=native code)
V  [jvm.dll+0x64135a]
V  [jvm.dll+0x7d39f9]
V  [jvm.dll+0x7d51b9]
V  [jvm.dll+0x7d58a3]
V  [jvm.dll+0x2691c5]
V  [jvm.dll+0xc1a5c]
V  [jvm.dll+0xc200c]
V  [jvm.dll+0xc1b6b]
V  [jvm.dll+0x61e08f]
V  [jvm.dll+0x22b16a]
V  [jvm.dll+0x2229b4]
V  [jvm.dll+0x220384]
V  [jvm.dll+0x19e851]
V  [jvm.dll+0x230479]
V  [jvm.dll+0x22e5ef]
V  [jvm.dll+0x794de1]
V  [jvm.dll+0x78dc24]
V  [jvm.dll+0x6400f6]
C  [ucrtbase.dll+0x1693b]
C  [KERNEL32.DLL+0x3e2d]
C  [ntdll.dll+0x4f298]


---------------  P R O C E S S  ---------------

Threads class SMR info:
_java_thread_list=0x00000210f23c8d60, length=37, elements={
0x00000210d55c4800, 0x00000210f0350000, 0x00000210f0359000, 0x00000210f03aa800,
0x00000210f03ab800, 0x00000210f03ae800, 0x00000210f03b2000, 0x00000210f03c3000,
0x00000210f03c6000, 0x00000210f0527800, 0x00000210f22ca000, 0x00000210f0478800,
0x00000210f2813800, 0x00000210f0de1000, 0x00000210f1851800, 0x00000210f1852000,
0x00000210f1478000, 0x00000210f1478800, 0x00000210f256e000, 0x00000210f2607000,
0x00000210f260b000, 0x00000210f2609800, 0x00000210f260a800, 0x00000210f260d800,
0x00000210f260d000, 0x00000210f260c000, 0x00000210f2608000, 0x00000210f2608800,
0x00000210f1526800, 0x00000210f1526000, 0x00000210f1527800, 0x00000210f1529000,
0x00000210f152e000, 0x00000210f152a000, 0x00000210f1528800, 0x00000210f152f000,
0x00000210f152f800
}

Java Threads: ( => current thread )
  0x00000210d55c4800 JavaThread "main" [_thread_blocked, id=25464, stack(0x000000aa67a00000,0x000000aa67b00000)]
  0x00000210f0350000 JavaThread "Reference Handler" daemon [_thread_blocked, id=28696, stack(0x000000aa68100000,0x000000aa68200000)]
  0x00000210f0359000 JavaThread "Finalizer" daemon [_thread_blocked, id=20912, stack(0x000000aa68200000,0x000000aa68300000)]
  0x00000210f03aa800 JavaThread "Signal Dispatcher" daemon [_thread_blocked, id=30200, stack(0x000000aa68300000,0x000000aa68400000)]
  0x00000210f03ab800 JavaThread "Attach Listener" daemon [_thread_blocked, id=22120, stack(0x000000aa68400000,0x000000aa68500000)]
  0x00000210f03ae800 JavaThread "Service Thread" daemon [_thread_blocked, id=17700, stack(0x000000aa68500000,0x000000aa68600000)]
=>0x00000210f03b2000 JavaThread "C2 CompilerThread0" daemon [_thread_in_native, id=22256, stack(0x000000aa68600000,0x000000aa68700000)]
  0x00000210f03c3000 JavaThread "C1 CompilerThread0" daemon [_thread_blocked, id=21448, stack(0x000000aa68700000,0x000000aa68800000)]
  0x00000210f03c6000 JavaThread "Sweeper thread" daemon [_thread_blocked, id=20268, stack(0x000000aa68800000,0x000000aa68900000)]
  0x00000210f0527800 JavaThread "Common-Cleaner" daemon [_thread_blocked, id=2836, stack(0x000000aa68900000,0x000000aa68a00000)]
  0x00000210f22ca000 JavaThread "Daemon health stats" [_thread_blocked, id=900, stack(0x000000aa69200000,0x000000aa69300000)]
  0x00000210f0478800 JavaThread "Incoming local TCP Connector on port 21156" [_thread_in_native, id=25692, stack(0x000000aa69100000,0x000000aa69200000)]
  0x00000210f2813800 JavaThread "Daemon periodic checks" [_thread_blocked, id=30252, stack(0x000000aa69300000,0x000000aa69400000)]
  0x00000210f0de1000 JavaThread "Daemon" [_thread_blocked, id=21956, stack(0x000000aa69400000,0x000000aa69500000)]
  0x00000210f1851800 JavaThread "Handler for socket connection from /127.0.0.1:21156 to /127.0.0.1:21157" [_thread_in_native, id=30152, stack(0x000000aa69500000,0x000000aa69600000)]
  0x00000210f1852000 JavaThread "Cancel handler" [_thread_blocked, id=27016, stack(0x000000aa69600000,0x000000aa69700000)]
  0x00000210f1478000 JavaThread "Daemon worker" [_thread_in_native, id=19248, stack(0x000000aa69700000,0x000000aa69800000)]
  0x00000210f1478800 JavaThread "Asynchronous log dispatcher for DefaultDaemonConnection: socket connection from /127.0.0.1:21156 to /127.0.0.1:21157" [_thread_blocked, id=26224, stack(0x000000aa69800000,0x000000aa69900000)]
  0x00000210f256e000 JavaThread "Daemon client event forwarder" [_thread_blocked, id=3192, stack(0x000000aa69a00000,0x000000aa69b00000)]
  0x00000210f2607000 JavaThread "Cache worker for journal cache (C:\Users\joseb\.gradle\caches\journal-1)" [_thread_blocked, id=6928, stack(0x000000aa69b00000,0x000000aa69c00000)]
  0x00000210f260b000 JavaThread "File lock request listener" [_thread_in_native, id=17440, stack(0x000000aa69c00000,0x000000aa69d00000)]
  0x00000210f2609800 JavaThread "Cache worker for file hash cache (C:\Users\joseb\.gradle\caches\7.5\fileHashes)" [_thread_blocked, id=21368, stack(0x000000aa69f00000,0x000000aa6a000000)]
  0x00000210f260a800 JavaThread "File watcher server" daemon [_thread_in_native, id=29856, stack(0x000000aa67800000,0x000000aa67900000)]
  0x00000210f260d800 JavaThread "File watcher consumer" daemon [_thread_blocked, id=25412, stack(0x000000aa67900000,0x000000aa67a00000)]
  0x00000210f260d000 JavaThread "Cache worker for checksums cache (C:\Users\joseb\Documents\JDC\Plataformas\logueoJDC\.gradle\7.5\checksums)" [_thread_blocked, id=20588, stack(0x000000aa6a000000,0x000000aa6a100000)]
  0x00000210f260c000 JavaThread "Cache worker for cache directory md-rule (C:\Users\joseb\.gradle\caches\7.5\md-rule)" [_thread_blocked, id=27824, stack(0x000000aa6a100000,0x000000aa6a200000)]
  0x00000210f2608000 JavaThread "Cache worker for file content cache (C:\Users\joseb\.gradle\caches\7.5\fileContent)" [_thread_blocked, id=14220, stack(0x000000aa6a200000,0x000000aa6a300000)]
  0x00000210f2608800 JavaThread "Cache worker for file hash cache (C:\Users\joseb\Documents\JDC\Plataformas\logueoJDC\.gradle\7.5\fileHashes)" [_thread_blocked, id=9880, stack(0x000000aa6a300000,0x000000aa6a400000)]
  0x00000210f1526800 JavaThread "Cache worker for cache directory md-supplier (C:\Users\joseb\.gradle\caches\7.5\md-supplier)" [_thread_blocked, id=20172, stack(0x000000aa6a400000,0x000000aa6a500000)]
  0x00000210f1526000 JavaThread "Cache worker for execution history cache (C:\Users\joseb\.gradle\caches\7.5\executionHistory)" [_thread_blocked, id=24356, stack(0x000000aa6a500000,0x000000aa6a600000)]
  0x00000210f1527800 JavaThread "jar transforms" [_thread_blocked, id=29280, stack(0x000000aa6a600000,0x000000aa6a700000)]
  0x00000210f1529000 JavaThread "jar transforms Thread 2" [_thread_blocked, id=23272, stack(0x000000aa6a700000,0x000000aa6a800000)]
  0x00000210f152e000 JavaThread "jar transforms Thread 3" [_thread_blocked, id=3652, stack(0x000000aa6aa00000,0x000000aa6ab00000)]
  0x00000210f152a000 JavaThread "jar transforms Thread 4" [_thread_blocked, id=12832, stack(0x000000aa6ad00000,0x000000aa6ae00000)]
  0x00000210f1528800 JavaThread "Cache worker for dependencies-accessors (C:\Users\joseb\Documents\JDC\Plataformas\logueoJDC\.gradle\7.5\dependencies-accessors)" [_thread_blocked, id=26236, stack(0x000000aa67700000,0x000000aa67800000)]
  0x00000210f152f000 JavaThread "jar transforms Thread 5" [_thread_blocked, id=30500, stack(0x000000aa6ab00000,0x000000aa6ac00000)]
  0x00000210f152f800 JavaThread "Cache worker for Build Output Cleanup Cache (C:\Users\joseb\Documents\JDC\Plataformas\logueoJDC\.gradle\buildOutputCleanup)" [_thread_blocked, id=27808, stack(0x000000aa6ac00000,0x000000aa6ad00000)]

Other Threads:
  0x00000210f034d000 VMThread "VM Thread" [stack: 0x000000aa68000000,0x000000aa68100000] [id=17352]
  0x00000210f054c800 WatcherThread [stack: 0x000000aa68a00000,0x000000aa68b00000] [id=25760]
  0x00000210d55dd000 GCTaskThread "GC Thread#0" [stack: 0x000000aa67b00000,0x000000aa67c00000] [id=23064]
  0x00000210f0a89800 GCTaskThread "GC Thread#1" [stack: 0x000000aa68b00000,0x000000aa68c00000] [id=25636]
  0x00000210f156c800 GCTaskThread "GC Thread#2" [stack: 0x000000aa68c00000,0x000000aa68d00000] [id=19280]
  0x00000210f1563800 GCTaskThread "GC Thread#3" [stack: 0x000000aa68d00000,0x000000aa68e00000] [id=13324]
  0x00000210f1390000 GCTaskThread "GC Thread#4" [stack: 0x000000aa68e00000,0x000000aa68f00000] [id=28160]
  0x00000210f13f1800 GCTaskThread "GC Thread#5" [stack: 0x000000aa68f00000,0x000000aa69000000] [id=17456]
  0x00000210f1066800 GCTaskThread "GC Thread#6" [stack: 0x000000aa69000000,0x000000aa69100000] [id=24840]
  0x00000210f30f9800 GCTaskThread "GC Thread#7" [stack: 0x000000aa69d00000,0x000000aa69e00000] [id=27988]
  0x00000210d560e800 ConcurrentGCThread "G1 Main Marker" [stack: 0x000000aa67c00000,0x000000aa67d00000] [id=21832]
  0x00000210d5618000 ConcurrentGCThread "G1 Conc#0" [stack: 0x000000aa67d00000,0x000000aa67e00000] [id=23960]
  0x00000210f0568000 ConcurrentGCThread "G1 Conc#1" [stack: 0x000000aa69e00000,0x000000aa69f00000] [id=2680]
  0x00000210d5613800 ConcurrentGCThread "G1 Refine#0" [stack: 0x000000aa67e00000,0x000000aa67f00000] [id=14008]
  0x00000210ef996000 ConcurrentGCThread "G1 Young RemSet Sampling" [stack: 0x000000aa67f00000,0x000000aa68000000] [id=28132]

Threads with active compile tasks:
C2 CompilerThread0   125775 4961       4       javax.management.ObjectName::construct (1135 bytes)

VM state:not at safepoint (normal execution)

VM Mutex/Monitor currently owned by a thread: None

Heap address: 0x0000000080000000, size: 2048 MB, Compressed Oops mode: 32-bit
Narrow klass base: 0x0000000000000000, Narrow klass shift: 3
Compressed class space size: 1073741824 Address: 0x0000000100000000

Heap:
 garbage-first heap   total 325632K, used 98055K [0x0000000080000000, 0x0000000100000000)
  region size 1024K, 81 young (82944K), 13 survivors (13312K)
 Metaspace       used 49349K, capacity 50699K, committed 50864K, reserved 1093632K
  class space    used 6269K, capacity 6811K, committed 6912K, reserved 1048576K
Heap Regions: E=young(eden), S=young(survivor), O=old, HS=humongous(starts), HC=humongous(continues), CS=collection set, F=free, A=archive, TAMS=top-at-mark-start (previous, next)
|   0|0x0000000080000000, 0x0000000080100000, 0x0000000080100000|100%| O|  |TAMS 0x0000000080100000, 0x0000000080000000| Untracked 
|   1|0x0000000080100000, 0x0000000080200000, 0x0000000080200000|100%| O|  |TAMS 0x0000000080200000, 0x0000000080100000| Untracked 
|   2|0x0000000080200000, 0x0000000080300000, 0x0000000080300000|100%| O|  |TAMS 0x0000000080300000, 0x0000000080200000| Untracked 
|   3|0x0000000080300000, 0x0000000080400000, 0x0000000080400000|100%|HS|  |TAMS 0x0000000080400000, 0x0000000080300000| Complete 
|   4|0x0000000080400000, 0x0000000080500000, 0x0000000080500000|100%|HC|  |TAMS 0x0000000080500000, 0x0000000080400000| Complete 
|   5|0x0000000080500000, 0x0000000080600000, 0x0000000080600000|100%|HC|  |TAMS 0x0000000080600000, 0x0000000080500000| Complete 
|   6|0x0000000080600000, 0x0000000080700000, 0x0000000080700000|100%| O|  |TAMS 0x0000000080700000, 0x0000000080600000| Untracked 
|   7|0x0000000080700000, 0x0000000080800000, 0x0000000080800000|100%| O|  |TAMS 0x0000000080800000, 0x0000000080700000| Untracked 
|   8|0x0000000080800000, 0x0000000080900000, 0x0000000080900000|100%| O|  |TAMS 0x0000000080900000, 0x0000000080800000| Untracked 
|   9|0x0000000080900000, 0x0000000080a00000, 0x0000000080a00000|100%| O|  |TAMS 0x0000000080a00000, 0x0000000080900000| Untracked 
|  10|0x0000000080a00000, 0x0000000080b00000, 0x0000000080b00000|100%| O|  |TAMS 0x0000000080b00000, 0x0000000080a00000| Untracked 
|  11|0x0000000080b00000, 0x0000000080c00000, 0x0000000080c00000|100%| O|  |TAMS 0x0000000080c00000, 0x0000000080b00000| Untracked 
|  12|0x0000000080c00000, 0x0000000080d00000, 0x0000000080d00000|100%| O|  |TAMS 0x0000000080d00000, 0x0000000080c00000| Untracked 
|  13|0x0000000080d00000, 0x0000000080e00000, 0x0000000080e00000|100%| O|  |TAMS 0x0000000080e00000, 0x0000000080d00000| Untracked 
|  14|0x0000000080e00000, 0x0000000080f00000, 0x0000000080f00000|100%| O|  |TAMS 0x0000000080f00000, 0x0000000080e00000| Untracked 
|  15|0x0000000080f00000, 0x0000000081000000, 0x0000000081000000|100%| O|  |TAMS 0x0000000081000000, 0x0000000080f00000| Untracked 
|  16|0x0000000081000000, 0x0000000081014e00, 0x0000000081100000|  8%| O|  |TAMS 0x0000000081014e00, 0x0000000081000000| Untracked 
|  17|0x0000000081100000, 0x0000000081100000, 0x0000000081200000|  0%| F|  |TAMS 0x0000000081100000, 0x0000000081100000| Untracked 
|  18|0x0000000081200000, 0x0000000081200000, 0x0000000081300000|  0%| F|  |TAMS 0x0000000081200000, 0x0000000081200000| Untracked 
|  19|0x0000000081300000, 0x0000000081300000, 0x0000000081400000|  0%| F|  |TAMS 0x0000000081300000, 0x0000000081300000| Untracked 
|  20|0x0000000081400000, 0x0000000081400000, 0x0000000081500000|  0%| F|  |TAMS 0x0000000081400000, 0x0000000081400000| Untracked 
|  21|0x0000000081500000, 0x0000000081500000, 0x0000000081600000|  0%| F|  |TAMS 0x0000000081500000, 0x0000000081500000| Untracked 
|  22|0x0000000081600000, 0x0000000081600000, 0x0000000081700000|  0%| F|  |TAMS 0x0000000081600000, 0x0000000081600000| Untracked 
|  23|0x0000000081700000, 0x0000000081700000, 0x0000000081800000|  0%| F|  |TAMS 0x0000000081700000, 0x0000000081700000| Untracked 
|  24|0x0000000081800000, 0x0000000081800000, 0x0000000081900000|  0%| F|  |TAMS 0x0000000081800000, 0x0000000081800000| Untracked 
|  25|0x0000000081900000, 0x0000000081900000, 0x0000000081a00000|  0%| F|  |TAMS 0x0000000081900000, 0x0000000081900000| Untracked 
|  26|0x0000000081a00000, 0x0000000081a00000, 0x0000000081b00000|  0%| F|  |TAMS 0x0000000081a00000, 0x0000000081a00000| Untracked 
|  27|0x0000000081b00000, 0x0000000081b00000, 0x0000000081c00000|  0%| F|  |TAMS 0x0000000081b00000, 0x0000000081b00000| Untracked 
|  28|0x0000000081c00000, 0x0000000081c00000, 0x0000000081d00000|  0%| F|  |TAMS 0x0000000081c00000, 0x0000000081c00000| Untracked 
|  29|0x0000000081d00000, 0x0000000081d00000, 0x0000000081e00000|  0%| F|  |TAMS 0x0000000081d00000, 0x0000000081d00000| Untracked 
|  30|0x0000000081e00000, 0x0000000081e00000, 0x0000000081f00000|  0%| F|  |TAMS 0x0000000081e00000, 0x0000000081e00000| Untracked 
|  31|0x0000000081f00000, 0x0000000081f00000, 0x0000000082000000|  0%| F|  |TAMS 0x0000000081f00000, 0x0000000081f00000| Untracked 
|  32|0x0000000082000000, 0x0000000082000000, 0x0000000082100000|  0%| F|  |TAMS 0x0000000082000000, 0x0000000082000000| Untracked 
|  33|0x0000000082100000, 0x0000000082100000, 0x0000000082200000|  0%| F|  |TAMS 0x0000000082100000, 0x0000000082100000| Untracked 
|  34|0x0000000082200000, 0x0000000082200000, 0x0000000082300000|  0%| F|  |TAMS 0x0000000082200000, 0x0000000082200000| Untracked 
|  35|0x0000000082300000, 0x0000000082300000, 0x0000000082400000|  0%| F|  |TAMS 0x0000000082300000, 0x0000000082300000| Untracked 
|  36|0x0000000082400000, 0x0000000082400000, 0x0000000082500000|  0%| F|  |TAMS 0x0000000082400000, 0x0000000082400000| Untracked 
|  37|0x0000000082500000, 0x0000000082500000, 0x0000000082600000|  0%| F|  |TAMS 0x0000000082500000, 0x0000000082500000| Untracked 
|  38|0x0000000082600000, 0x0000000082600000, 0x0000000082700000|  0%| F|  |TAMS 0x0000000082600000, 0x0000000082600000| Untracked 
|  39|0x0000000082700000, 0x0000000082700000, 0x0000000082800000|  0%| F|  |TAMS 0x0000000082700000, 0x0000000082700000| Untracked 
|  40|0x0000000082800000, 0x0000000082800000, 0x0000000082900000|  0%| F|  |TAMS 0x0000000082800000, 0x0000000082800000| Untracked 
|  41|0x0000000082900000, 0x0000000082900000, 0x0000000082a00000|  0%| F|  |TAMS 0x0000000082900000, 0x0000000082900000| Untracked 
|  42|0x0000000082a00000, 0x0000000082a00000, 0x0000000082b00000|  0%| F|  |TAMS 0x0000000082a00000, 0x0000000082a00000| Untracked 
|  43|0x0000000082b00000, 0x0000000082b00000, 0x0000000082c00000|  0%| F|  |TAMS 0x0000000082b00000, 0x0000000082b00000| Untracked 
|  44|0x0000000082c00000, 0x0000000082c00000, 0x0000000082d00000|  0%| F|  |TAMS 0x0000000082c00000, 0x0000000082c00000| Untracked 
|  45|0x0000000082d00000, 0x0000000082d00000, 0x0000000082e00000|  0%| F|  |TAMS 0x0000000082d00000, 0x0000000082d00000| Untracked 
|  46|0x0000000082e00000, 0x0000000082e00000, 0x0000000082f00000|  0%| F|  |TAMS 0x0000000082e00000, 0x0000000082e00000| Untracked 
|  47|0x0000000082f00000, 0x0000000082f00000, 0x0000000083000000|  0%| F|  |TAMS 0x0000000082f00000, 0x0000000082f00000| Untracked 
|  48|0x0000000083000000, 0x0000000083000000, 0x0000000083100000|  0%| F|  |TAMS 0x0000000083000000, 0x0000000083000000| Untracked 
|  49|0x0000000083100000, 0x0000000083100000, 0x0000000083200000|  0%| F|  |TAMS 0x0000000083100000, 0x0000000083100000| Untracked 
|  50|0x0000000083200000, 0x0000000083200000, 0x0000000083300000|  0%| F|  |TAMS 0x0000000083200000, 0x0000000083200000| Untracked 
|  51|0x0000000083300000, 0x0000000083300000, 0x0000000083400000|  0%| F|  |TAMS 0x0000000083300000, 0x0000000083300000| Untracked 
|  52|0x0000000083400000, 0x0000000083400000, 0x0000000083500000|  0%| F|  |TAMS 0x0000000083400000, 0x0000000083400000| Untracked 
|  53|0x0000000083500000, 0x0000000083500000, 0x0000000083600000|  0%| F|  |TAMS 0x0000000083500000, 0x0000000083500000| Untracked 
|  54|0x0000000083600000, 0x0000000083600000, 0x0000000083700000|  0%| F|  |TAMS 0x0000000083600000, 0x0000000083600000| Untracked 
|  55|0x0000000083700000, 0x0000000083700000, 0x0000000083800000|  0%| F|  |TAMS 0x0000000083700000, 0x0000000083700000| Untracked 
|  56|0x0000000083800000, 0x0000000083800000, 0x0000000083900000|  0%| F|  |TAMS 0x0000000083800000, 0x0000000083800000| Untracked 
|  57|0x0000000083900000, 0x0000000083900000, 0x0000000083a00000|  0%| F|  |TAMS 0x0000000083900000, 0x0000000083900000| Untracked 
|  58|0x0000000083a00000, 0x0000000083a00000, 0x0000000083b00000|  0%| F|  |TAMS 0x0000000083a00000, 0x0000000083a00000| Untracked 
|  59|0x0000000083b00000, 0x0000000083b00000, 0x0000000083c00000|  0%| F|  |TAMS 0x0000000083b00000, 0x0000000083b00000| Untracked 
|  60|0x0000000083c00000, 0x0000000083c00000, 0x0000000083d00000|  0%| F|  |TAMS 0x0000000083c00000, 0x0000000083c00000| Untracked 
|  61|0x0000000083d00000, 0x0000000083d00000, 0x0000000083e00000|  0%| F|  |TAMS 0x0000000083d00000, 0x0000000083d00000| Untracked 
|  62|0x0000000083e00000, 0x0000000083e00000, 0x0000000083f00000|  0%| F|  |TAMS 0x0000000083e00000, 0x0000000083e00000| Untracked 
|  63|0x0000000083f00000, 0x0000000083f00000, 0x0000000084000000|  0%| F|  |TAMS 0x0000000083f00000, 0x0000000083f00000| Untracked 
|  64|0x0000000084000000, 0x0000000084000000, 0x0000000084100000|  0%| F|  |TAMS 0x0000000084000000, 0x0000000084000000| Untracked 
|  65|0x0000000084100000, 0x0000000084100000, 0x0000000084200000|  0%| F|  |TAMS 0x0000000084100000, 0x0000000084100000| Untracked 
|  66|0x0000000084200000, 0x0000000084200000, 0x0000000084300000|  0%| F|  |TAMS 0x0000000084200000, 0x0000000084200000| Untracked 
|  67|0x0000000084300000, 0x0000000084300000, 0x0000000084400000|  0%| F|  |TAMS 0x0000000084300000, 0x0000000084300000| Untracked 
|  68|0x0000000084400000, 0x0000000084400000, 0x0000000084500000|  0%| F|  |TAMS 0x0000000084400000, 0x0000000084400000| Untracked 
|  69|0x0000000084500000, 0x0000000084500000, 0x0000000084600000|  0%| F|  |TAMS 0x0000000084500000, 0x0000000084500000| Untracked 
|  70|0x0000000084600000, 0x0000000084600000, 0x0000000084700000|  0%| F|  |TAMS 0x0000000084600000, 0x0000000084600000| Untracked 
|  71|0x0000000084700000, 0x0000000084700000, 0x0000000084800000|  0%| F|  |TAMS 0x0000000084700000, 0x0000000084700000| Untracked 
|  72|0x0000000084800000, 0x0000000084800000, 0x0000000084900000|  0%| F|  |TAMS 0x0000000084800000, 0x0000000084800000| Untracked 
|  73|0x0000000084900000, 0x0000000084900000, 0x0000000084a00000|  0%| F|  |TAMS 0x0000000084900000, 0x0000000084900000| Untracked 
|  74|0x0000000084a00000, 0x0000000084a00000, 0x0000000084b00000|  0%| F|  |TAMS 0x0000000084a00000, 0x0000000084a00000| Untracked 
|  75|0x0000000084b00000, 0x0000000084b00000, 0x0000000084c00000|  0%| F|  |TAMS 0x0000000084b00000, 0x0000000084b00000| Untracked 
|  76|0x0000000084c00000, 0x0000000084c00000, 0x0000000084d00000|  0%| F|  |TAMS 0x0000000084c00000, 0x0000000084c00000| Untracked 
|  77|0x0000000084d00000, 0x0000000084d00000, 0x0000000084e00000|  0%| F|  |TAMS 0x0000000084d00000, 0x0000000084d00000| Untracked 
|  78|0x0000000084e00000, 0x0000000084e00000, 0x0000000084f00000|  0%| F|  |TAMS 0x0000000084e00000, 0x0000000084e00000| Untracked 
|  79|0x0000000084f00000, 0x0000000084f00000, 0x0000000085000000|  0%| F|  |TAMS 0x0000000084f00000, 0x0000000084f00000| Untracked 
|  80|0x0000000085000000, 0x0000000085000000, 0x0000000085100000|  0%| F|  |TAMS 0x0000000085000000, 0x0000000085000000| Untracked 
|  81|0x0000000085100000, 0x0000000085100000, 0x0000000085200000|  0%| F|  |TAMS 0x0000000085100000, 0x0000000085100000| Untracked 
|  82|0x0000000085200000, 0x0000000085200000, 0x0000000085300000|  0%| F|  |TAMS 0x0000000085200000, 0x0000000085200000| Untracked 
|  83|0x0000000085300000, 0x0000000085300000, 0x0000000085400000|  0%| F|  |TAMS 0x0000000085300000, 0x0000000085300000| Untracked 
|  84|0x0000000085400000, 0x0000000085400000, 0x0000000085500000|  0%| F|  |TAMS 0x0000000085400000, 0x0000000085400000| Untracked 
|  85|0x0000000085500000, 0x0000000085500000, 0x0000000085600000|  0%| F|  |TAMS 0x0000000085500000, 0x0000000085500000| Untracked 
|  86|0x0000000085600000, 0x0000000085600000, 0x0000000085700000|  0%| F|  |TAMS 0x0000000085600000, 0x0000000085600000| Untracked 
|  87|0x0000000085700000, 0x0000000085700000, 0x0000000085800000|  0%| F|  |TAMS 0x0000000085700000, 0x0000000085700000| Untracked 
|  88|0x0000000085800000, 0x0000000085800000, 0x0000000085900000|  0%| F|  |TAMS 0x0000000085800000, 0x0000000085800000| Untracked 
|  89|0x0000000085900000, 0x0000000085900000, 0x0000000085a00000|  0%| F|  |TAMS 0x0000000085900000, 0x0000000085900000| Untracked 
|  90|0x0000000085a00000, 0x0000000085a00000, 0x0000000085b00000|  0%| F|  |TAMS 0x0000000085a00000, 0x0000000085a00000| Untracked 
|  91|0x0000000085b00000, 0x0000000085b00000, 0x0000000085c00000|  0%| F|  |TAMS 0x0000000085b00000, 0x0000000085b00000| Untracked 
|  92|0x0000000085c00000, 0x0000000085c00000, 0x0000000085d00000|  0%| F|  |TAMS 0x0000000085c00000, 0x0000000085c00000| Untracked 
|  93|0x0000000085d00000, 0x0000000085d00000, 0x0000000085e00000|  0%| F|  |TAMS 0x0000000085d00000, 0x0000000085d00000| Untracked 
|  94|0x0000000085e00000, 0x0000000085e00000, 0x0000000085f00000|  0%| F|  |TAMS 0x0000000085e00000, 0x0000000085e00000| Untracked 
|  95|0x0000000085f00000, 0x0000000085f00000, 0x0000000086000000|  0%| F|  |TAMS 0x0000000085f00000, 0x0000000085f00000| Untracked 
|  96|0x0000000086000000, 0x0000000086000000, 0x0000000086100000|  0%| F|  |TAMS 0x0000000086000000, 0x0000000086000000| Untracked 
|  97|0x0000000086100000, 0x0000000086100000, 0x0000000086200000|  0%| F|  |TAMS 0x0000000086100000, 0x0000000086100000| Untracked 
|  98|0x0000000086200000, 0x0000000086200000, 0x0000000086300000|  0%| F|  |TAMS 0x0000000086200000, 0x0000000086200000| Untracked 
|  99|0x0000000086300000, 0x0000000086300000, 0x0000000086400000|  0%| F|  |TAMS 0x0000000086300000, 0x0000000086300000| Untracked 
| 100|0x0000000086400000, 0x0000000086400000, 0x0000000086500000|  0%| F|  |TAMS 0x0000000086400000, 0x0000000086400000| Untracked 
| 101|0x0000000086500000, 0x0000000086500000, 0x0000000086600000|  0%| F|  |TAMS 0x0000000086500000, 0x0000000086500000| Untracked 
| 102|0x0000000086600000, 0x0000000086600000, 0x0000000086700000|  0%| F|  |TAMS 0x0000000086600000, 0x0000000086600000| Untracked 
| 103|0x0000000086700000, 0x0000000086700000, 0x0000000086800000|  0%| F|  |TAMS 0x0000000086700000, 0x0000000086700000| Untracked 
| 104|0x0000000086800000, 0x0000000086800000, 0x0000000086900000|  0%| F|  |TAMS 0x0000000086800000, 0x0000000086800000| Untracked 
| 105|0x0000000086900000, 0x0000000086900000, 0x0000000086a00000|  0%| F|  |TAMS 0x0000000086900000, 0x0000000086900000| Untracked 
| 106|0x0000000086a00000, 0x0000000086a00000, 0x0000000086b00000|  0%| F|  |TAMS 0x0000000086a00000, 0x0000000086a00000| Untracked 
| 107|0x0000000086b00000, 0x0000000086b00000, 0x0000000086c00000|  0%| F|  |TAMS 0x0000000086b00000, 0x0000000086b00000| Untracked 
| 108|0x0000000086c00000, 0x0000000086c00000, 0x0000000086d00000|  0%| F|  |TAMS 0x0000000086c00000, 0x0000000086c00000| Untracked 
| 109|0x0000000086d00000, 0x0000000086d00000, 0x0000000086e00000|  0%| F|  |TAMS 0x0000000086d00000, 0x0000000086d00000| Untracked 
| 110|0x0000000086e00000, 0x0000000086e00000, 0x0000000086f00000|  0%| F|  |TAMS 0x0000000086e00000, 0x0000000086e00000| Untracked 
| 111|0x0000000086f00000, 0x0000000086f00000, 0x0000000087000000|  0%| F|  |TAMS 0x0000000086f00000, 0x0000000086f00000| Untracked 
| 112|0x0000000087000000, 0x0000000087000000, 0x0000000087100000|  0%| F|  |TAMS 0x0000000087000000, 0x0000000087000000| Untracked 
| 113|0x0000000087100000, 0x0000000087100000, 0x0000000087200000|  0%| F|  |TAMS 0x0000000087100000, 0x0000000087100000| Untracked 
| 114|0x0000000087200000, 0x0000000087200000, 0x0000000087300000|  0%| F|  |TAMS 0x0000000087200000, 0x0000000087200000| Untracked 
| 115|0x0000000087300000, 0x0000000087300000, 0x0000000087400000|  0%| F|  |TAMS 0x0000000087300000, 0x0000000087300000| Untracked 
| 116|0x0000000087400000, 0x0000000087400000, 0x0000000087500000|  0%| F|  |TAMS 0x0000000087400000, 0x0000000087400000| Untracked 
| 117|0x0000000087500000, 0x0000000087500000, 0x0000000087600000|  0%| F|  |TAMS 0x0000000087500000, 0x0000000087500000| Untracked 
| 118|0x0000000087600000, 0x0000000087600000, 0x0000000087700000|  0%| F|  |TAMS 0x0000000087600000, 0x0000000087600000| Untracked 
| 119|0x0000000087700000, 0x0000000087700000, 0x0000000087800000|  0%| F|  |TAMS 0x0000000087700000, 0x0000000087700000| Untracked 
| 120|0x0000000087800000, 0x0000000087800000, 0x0000000087900000|  0%| F|  |TAMS 0x0000000087800000, 0x0000000087800000| Untracked 
| 121|0x0000000087900000, 0x0000000087900000, 0x0000000087a00000|  0%| F|  |TAMS 0x0000000087900000, 0x0000000087900000| Untracked 
| 122|0x0000000087a00000, 0x0000000087a00000, 0x0000000087b00000|  0%| F|  |TAMS 0x0000000087a00000, 0x0000000087a00000| Untracked 
| 123|0x0000000087b00000, 0x0000000087b00000, 0x0000000087c00000|  0%| F|  |TAMS 0x0000000087b00000, 0x0000000087b00000| Untracked 
| 124|0x0000000087c00000, 0x0000000087c00000, 0x0000000087d00000|  0%| F|  |TAMS 0x0000000087c00000, 0x0000000087c00000| Untracked 
| 125|0x0000000087d00000, 0x0000000087d00000, 0x0000000087e00000|  0%| F|  |TAMS 0x0000000087d00000, 0x0000000087d00000| Untracked 
| 126|0x0000000087e00000, 0x0000000087e00000, 0x0000000087f00000|  0%| F|  |TAMS 0x0000000087e00000, 0x0000000087e00000| Untracked 
| 127|0x0000000087f00000, 0x0000000087f00000, 0x0000000088000000|  0%| F|  |TAMS 0x0000000087f00000, 0x0000000087f00000| Untracked 
| 128|0x0000000088000000, 0x0000000088000000, 0x0000000088100000|  0%| F|  |TAMS 0x0000000088000000, 0x0000000088000000| Untracked 
| 129|0x0000000088100000, 0x0000000088100000, 0x0000000088200000|  0%| F|  |TAMS 0x0000000088100000, 0x0000000088100000| Untracked 
| 130|0x0000000088200000, 0x0000000088200000, 0x0000000088300000|  0%| F|  |TAMS 0x0000000088200000, 0x0000000088200000| Untracked 
| 131|0x0000000088300000, 0x0000000088300000, 0x0000000088400000|  0%| F|  |TAMS 0x0000000088300000, 0x0000000088300000| Untracked 
| 132|0x0000000088400000, 0x0000000088400000, 0x0000000088500000|  0%| F|  |TAMS 0x0000000088400000, 0x0000000088400000| Untracked 
| 133|0x0000000088500000, 0x0000000088500000, 0x0000000088600000|  0%| F|  |TAMS 0x0000000088500000, 0x0000000088500000| Untracked 
| 134|0x0000000088600000, 0x0000000088600000, 0x0000000088700000|  0%| F|  |TAMS 0x0000000088600000, 0x0000000088600000| Untracked 
| 135|0x0000000088700000, 0x0000000088700000, 0x0000000088800000|  0%| F|  |TAMS 0x0000000088700000, 0x0000000088700000| Untracked 
| 136|0x0000000088800000, 0x0000000088800000, 0x0000000088900000|  0%| F|  |TAMS 0x0000000088800000, 0x0000000088800000| Untracked 
| 137|0x0000000088900000, 0x0000000088900000, 0x0000000088a00000|  0%| F|  |TAMS 0x0000000088900000, 0x0000000088900000| Untracked 
| 138|0x0000000088a00000, 0x0000000088a00000, 0x0000000088b00000|  0%| F|  |TAMS 0x0000000088a00000, 0x0000000088a00000| Untracked 
| 139|0x0000000088b00000, 0x0000000088b00000, 0x0000000088c00000|  0%| F|  |TAMS 0x0000000088b00000, 0x0000000088b00000| Untracked 
| 140|0x0000000088c00000, 0x0000000088c00000, 0x0000000088d00000|  0%| F|  |TAMS 0x0000000088c00000, 0x0000000088c00000| Untracked 
| 141|0x0000000088d00000, 0x0000000088d00000, 0x0000000088e00000|  0%| F|  |TAMS 0x0000000088d00000, 0x0000000088d00000| Untracked 
| 142|0x0000000088e00000, 0x0000000088e00000, 0x0000000088f00000|  0%| F|  |TAMS 0x0000000088e00000, 0x0000000088e00000| Untracked 
| 143|0x0000000088f00000, 0x0000000088f00000, 0x0000000089000000|  0%| F|  |TAMS 0x0000000088f00000, 0x0000000088f00000| Untracked 
| 144|0x0000000089000000, 0x0000000089000000, 0x0000000089100000|  0%| F|  |TAMS 0x0000000089000000, 0x0000000089000000| Untracked 
| 145|0x0000000089100000, 0x0000000089100000, 0x0000000089200000|  0%| F|  |TAMS 0x0000000089100000, 0x0000000089100000| Untracked 
| 146|0x0000000089200000, 0x0000000089200000, 0x0000000089300000|  0%| F|  |TAMS 0x0000000089200000, 0x0000000089200000| Untracked 
| 147|0x0000000089300000, 0x0000000089300000, 0x0000000089400000|  0%| F|  |TAMS 0x0000000089300000, 0x0000000089300000| Untracked 
| 148|0x0000000089400000, 0x0000000089400000, 0x0000000089500000|  0%| F|  |TAMS 0x0000000089400000, 0x0000000089400000| Untracked 
| 149|0x0000000089500000, 0x0000000089500000, 0x0000000089600000|  0%| F|  |TAMS 0x0000000089500000, 0x0000000089500000| Untracked 
| 150|0x0000000089600000, 0x0000000089600000, 0x0000000089700000|  0%| F|  |TAMS 0x0000000089600000, 0x0000000089600000| Untracked 
| 151|0x0000000089700000, 0x0000000089700000, 0x0000000089800000|  0%| F|  |TAMS 0x0000000089700000, 0x0000000089700000| Untracked 
| 152|0x0000000089800000, 0x0000000089800000, 0x0000000089900000|  0%| F|  |TAMS 0x0000000089800000, 0x0000000089800000| Untracked 
| 153|0x0000000089900000, 0x0000000089900000, 0x0000000089a00000|  0%| F|  |TAMS 0x0000000089900000, 0x0000000089900000| Untracked 
| 154|0x0000000089a00000, 0x0000000089a00000, 0x0000000089b00000|  0%| F|  |TAMS 0x0000000089a00000, 0x0000000089a00000| Untracked 
| 155|0x0000000089b00000, 0x0000000089b00000, 0x0000000089c00000|  0%| F|  |TAMS 0x0000000089b00000, 0x0000000089b00000| Untracked 
| 156|0x0000000089c00000, 0x0000000089c00000, 0x0000000089d00000|  0%| F|  |TAMS 0x0000000089c00000, 0x0000000089c00000| Untracked 
| 157|0x0000000089d00000, 0x0000000089d00000, 0x0000000089e00000|  0%| F|  |TAMS 0x0000000089d00000, 0x0000000089d00000| Untracked 
| 158|0x0000000089e00000, 0x0000000089e00000, 0x0000000089f00000|  0%| F|  |TAMS 0x0000000089e00000, 0x0000000089e00000| Untracked 
| 159|0x0000000089f00000, 0x0000000089f00000, 0x000000008a000000|  0%| F|  |TAMS 0x0000000089f00000, 0x0000000089f00000| Untracked 
| 160|0x000000008a000000, 0x000000008a000000, 0x000000008a100000|  0%| F|  |TAMS 0x000000008a000000, 0x000000008a000000| Untracked 
| 161|0x000000008a100000, 0x000000008a100000, 0x000000008a200000|  0%| F|  |TAMS 0x000000008a100000, 0x000000008a100000| Untracked 
| 162|0x000000008a200000, 0x000000008a200000, 0x000000008a300000|  0%| F|  |TAMS 0x000000008a200000, 0x000000008a200000| Untracked 
| 163|0x000000008a300000, 0x000000008a300000, 0x000000008a400000|  0%| F|  |TAMS 0x000000008a300000, 0x000000008a300000| Untracked 
| 164|0x000000008a400000, 0x000000008a400000, 0x000000008a500000|  0%| F|  |TAMS 0x000000008a400000, 0x000000008a400000| Untracked 
| 165|0x000000008a500000, 0x000000008a500000, 0x000000008a600000|  0%| F|  |TAMS 0x000000008a500000, 0x000000008a500000| Untracked 
| 166|0x000000008a600000, 0x000000008a600000, 0x000000008a700000|  0%| F|  |TAMS 0x000000008a600000, 0x000000008a600000| Untracked 
| 167|0x000000008a700000, 0x000000008a700000, 0x000000008a800000|  0%| F|  |TAMS 0x000000008a700000, 0x000000008a700000| Untracked 
| 168|0x000000008a800000, 0x000000008a800000, 0x000000008a900000|  0%| F|  |TAMS 0x000000008a800000, 0x000000008a800000| Untracked 
| 169|0x000000008a900000, 0x000000008a900000, 0x000000008aa00000|  0%| F|  |TAMS 0x000000008a900000, 0x000000008a900000| Untracked 
| 170|0x000000008aa00000, 0x000000008aa00000, 0x000000008ab00000|  0%| F|  |TAMS 0x000000008aa00000, 0x000000008aa00000| Untracked 
| 171|0x000000008ab00000, 0x000000008ab00000, 0x000000008ac00000|  0%| F|  |TAMS 0x000000008ab00000, 0x000000008ab00000| Untracked 
| 172|0x000000008ac00000, 0x000000008ac00000, 0x000000008ad00000|  0%| F|  |TAMS 0x000000008ac00000, 0x000000008ac00000| Untracked 
| 173|0x000000008ad00000, 0x000000008ad00000, 0x000000008ae00000|  0%| F|  |TAMS 0x000000008ad00000, 0x000000008ad00000| Untracked 
| 174|0x000000008ae00000, 0x000000008ae00000, 0x000000008af00000|  0%| F|  |TAMS 0x000000008ae00000, 0x000000008ae00000| Untracked 
| 175|0x000000008af00000, 0x000000008af00000, 0x000000008b000000|  0%| F|  |TAMS 0x000000008af00000, 0x000000008af00000| Untracked 
| 176|0x000000008b000000, 0x000000008b000000, 0x000000008b100000|  0%| F|  |TAMS 0x000000008b000000, 0x000000008b000000| Untracked 
| 177|0x000000008b100000, 0x000000008b100000, 0x000000008b200000|  0%| F|  |TAMS 0x000000008b100000, 0x000000008b100000| Untracked 
| 178|0x000000008b200000, 0x000000008b200000, 0x000000008b300000|  0%| F|  |TAMS 0x000000008b200000, 0x000000008b200000| Untracked 
| 179|0x000000008b300000, 0x000000008b300000, 0x000000008b400000|  0%| F|  |TAMS 0x000000008b300000, 0x000000008b300000| Untracked 
| 180|0x000000008b400000, 0x000000008b400000, 0x000000008b500000|  0%| F|  |TAMS 0x000000008b400000, 0x000000008b400000| Untracked 
| 181|0x000000008b500000, 0x000000008b500000, 0x000000008b600000|  0%| F|  |TAMS 0x000000008b500000, 0x000000008b500000| Untracked 
| 182|0x000000008b600000, 0x000000008b600000, 0x000000008b700000|  0%| F|  |TAMS 0x000000008b600000, 0x000000008b600000| Untracked 
| 183|0x000000008b700000, 0x000000008b700000, 0x000000008b800000|  0%| F|  |TAMS 0x000000008b700000, 0x000000008b700000| Untracked 
| 184|0x000000008b800000, 0x000000008b800000, 0x000000008b900000|  0%| F|  |TAMS 0x000000008b800000, 0x000000008b800000| Untracked 
| 185|0x000000008b900000, 0x000000008b900000, 0x000000008ba00000|  0%| F|  |TAMS 0x000000008b900000, 0x000000008b900000| Untracked 
| 186|0x000000008ba00000, 0x000000008ba00000, 0x000000008bb00000|  0%| F|  |TAMS 0x000000008ba00000, 0x000000008ba00000| Untracked 
| 187|0x000000008bb00000, 0x000000008bb00000, 0x000000008bc00000|  0%| F|  |TAMS 0x000000008bb00000, 0x000000008bb00000| Untracked 
| 188|0x000000008bc00000, 0x000000008bc00000, 0x000000008bd00000|  0%| F|  |TAMS 0x000000008bc00000, 0x000000008bc00000| Untracked 
| 189|0x000000008bd00000, 0x000000008bd00000, 0x000000008be00000|  0%| F|  |TAMS 0x000000008bd00000, 0x000000008bd00000| Untracked 
| 190|0x000000008be00000, 0x000000008be00000, 0x000000008bf00000|  0%| F|  |TAMS 0x000000008be00000, 0x000000008be00000| Untracked 
| 191|0x000000008bf00000, 0x000000008bf00000, 0x000000008c000000|  0%| F|  |TAMS 0x000000008bf00000, 0x000000008bf00000| Untracked 
| 192|0x000000008c000000, 0x000000008c000000, 0x000000008c100000|  0%| F|  |TAMS 0x000000008c000000, 0x000000008c000000| Untracked 
| 193|0x000000008c100000, 0x000000008c100000, 0x000000008c200000|  0%| F|  |TAMS 0x000000008c100000, 0x000000008c100000| Untracked 
| 194|0x000000008c200000, 0x000000008c200000, 0x000000008c300000|  0%| F|  |TAMS 0x000000008c200000, 0x000000008c200000| Untracked 
| 195|0x000000008c300000, 0x000000008c300000, 0x000000008c400000|  0%| F|  |TAMS 0x000000008c300000, 0x000000008c300000| Untracked 
| 196|0x000000008c400000, 0x000000008c400000, 0x000000008c500000|  0%| F|  |TAMS 0x000000008c400000, 0x000000008c400000| Untracked 
| 197|0x000000008c500000, 0x000000008c500000, 0x000000008c600000|  0%| F|  |TAMS 0x000000008c500000, 0x000000008c500000| Untracked 
| 198|0x000000008c600000, 0x000000008c600000, 0x000000008c700000|  0%| F|  |TAMS 0x000000008c600000, 0x000000008c600000| Untracked 
| 199|0x000000008c700000, 0x000000008c7ace98, 0x000000008c800000| 67%| S|CS|TAMS 0x000000008c700000, 0x000000008c700000| Complete 
| 200|0x000000008c800000, 0x000000008c900000, 0x000000008c900000|100%| S|CS|TAMS 0x000000008c800000, 0x000000008c800000| Complete 
| 201|0x000000008c900000, 0x000000008ca00000, 0x000000008ca00000|100%| S|CS|TAMS 0x000000008c900000, 0x000000008c900000| Complete 
| 202|0x000000008ca00000, 0x000000008cb00000, 0x000000008cb00000|100%| S|CS|TAMS 0x000000008ca00000, 0x000000008ca00000| Complete 
| 203|0x000000008cb00000, 0x000000008cc00000, 0x000000008cc00000|100%| S|CS|TAMS 0x000000008cb00000, 0x000000008cb00000| Complete 
| 204|0x000000008cc00000, 0x000000008cd00000, 0x000000008cd00000|100%| S|CS|TAMS 0x000000008cc00000, 0x000000008cc00000| Complete 
| 205|0x000000008cd00000, 0x000000008ce00000, 0x000000008ce00000|100%| S|CS|TAMS 0x000000008cd00000, 0x000000008cd00000| Complete 
| 206|0x000000008ce00000, 0x000000008cf00000, 0x000000008cf00000|100%| S|CS|TAMS 0x000000008ce00000, 0x000000008ce00000| Complete 
| 207|0x000000008cf00000, 0x000000008d000000, 0x000000008d000000|100%| S|CS|TAMS 0x000000008cf00000, 0x000000008cf00000| Complete 
| 208|0x000000008d000000, 0x000000008d100000, 0x000000008d100000|100%| S|CS|TAMS 0x000000008d000000, 0x000000008d000000| Complete 
| 209|0x000000008d100000, 0x000000008d200000, 0x000000008d200000|100%| S|CS|TAMS 0x000000008d100000, 0x000000008d100000| Complete 
| 210|0x000000008d200000, 0x000000008d300000, 0x000000008d300000|100%| S|CS|TAMS 0x000000008d200000, 0x000000008d200000| Complete 
| 211|0x000000008d300000, 0x000000008d400000, 0x000000008d400000|100%| S|CS|TAMS 0x000000008d300000, 0x000000008d300000| Complete 
| 212|0x000000008d400000, 0x000000008d400000, 0x000000008d500000|  0%| F|  |TAMS 0x000000008d400000, 0x000000008d400000| Untracked 
| 213|0x000000008d500000, 0x000000008d500000, 0x000000008d600000|  0%| F|  |TAMS 0x000000008d500000, 0x000000008d500000| Untracked 
| 214|0x000000008d600000, 0x000000008d600000, 0x000000008d700000|  0%| F|  |TAMS 0x000000008d600000, 0x000000008d600000| Untracked 
| 215|0x000000008d700000, 0x000000008d700000, 0x000000008d800000|  0%| F|  |TAMS 0x000000008d700000, 0x000000008d700000| Untracked 
| 216|0x000000008d800000, 0x000000008d800000, 0x000000008d900000|  0%| F|  |TAMS 0x000000008d800000, 0x000000008d800000| Untracked 
| 217|0x000000008d900000, 0x000000008d900000, 0x000000008da00000|  0%| F|  |TAMS 0x000000008d900000, 0x000000008d900000| Untracked 
| 218|0x000000008da00000, 0x000000008da00000, 0x000000008db00000|  0%| F|  |TAMS 0x000000008da00000, 0x000000008da00000| Untracked 
| 219|0x000000008db00000, 0x000000008db00000, 0x000000008dc00000|  0%| F|  |TAMS 0x000000008db00000, 0x000000008db00000| Untracked 
| 220|0x000000008dc00000, 0x000000008dc00000, 0x000000008dd00000|  0%| F|  |TAMS 0x000000008dc00000, 0x000000008dc00000| Untracked 
| 221|0x000000008dd00000, 0x000000008dd00000, 0x000000008de00000|  0%| F|  |TAMS 0x000000008dd00000, 0x000000008dd00000| Untracked 
| 222|0x000000008de00000, 0x000000008de00000, 0x000000008df00000|  0%| F|  |TAMS 0x000000008de00000, 0x000000008de00000| Untracked 
| 223|0x000000008df00000, 0x000000008df00000, 0x000000008e000000|  0%| F|  |TAMS 0x000000008df00000, 0x000000008df00000| Untracked 
| 224|0x000000008e000000, 0x000000008e000000, 0x000000008e100000|  0%| F|  |TAMS 0x000000008e000000, 0x000000008e000000| Untracked 
| 225|0x000000008e100000, 0x000000008e100000, 0x000000008e200000|  0%| F|  |TAMS 0x000000008e100000, 0x000000008e100000| Untracked 
| 226|0x000000008e200000, 0x000000008e200000, 0x000000008e300000|  0%| F|  |TAMS 0x000000008e200000, 0x000000008e200000| Untracked 
| 227|0x000000008e300000, 0x000000008e300000, 0x000000008e400000|  0%| F|  |TAMS 0x000000008e300000, 0x000000008e300000| Untracked 
| 228|0x000000008e400000, 0x000000008e400000, 0x000000008e500000|  0%| F|  |TAMS 0x000000008e400000, 0x000000008e400000| Untracked 
| 229|0x000000008e500000, 0x000000008e500000, 0x000000008e600000|  0%| F|  |TAMS 0x000000008e500000, 0x000000008e500000| Untracked 
| 230|0x000000008e600000, 0x000000008e600000, 0x000000008e700000|  0%| F|  |TAMS 0x000000008e600000, 0x000000008e600000| Untracked 
| 231|0x000000008e700000, 0x000000008e700000, 0x000000008e800000|  0%| F|  |TAMS 0x000000008e700000, 0x000000008e700000| Untracked 
| 232|0x000000008e800000, 0x000000008e800000, 0x000000008e900000|  0%| F|  |TAMS 0x000000008e800000, 0x000000008e800000| Untracked 
| 233|0x000000008e900000, 0x000000008e900000, 0x000000008ea00000|  0%| F|  |TAMS 0x000000008e900000, 0x000000008e900000| Untracked 
| 234|0x000000008ea00000, 0x000000008ea00000, 0x000000008eb00000|  0%| F|  |TAMS 0x000000008ea00000, 0x000000008ea00000| Untracked 
| 235|0x000000008eb00000, 0x000000008eb00000, 0x000000008ec00000|  0%| F|  |TAMS 0x000000008eb00000, 0x000000008eb00000| Untracked 
| 236|0x000000008ec00000, 0x000000008ec00000, 0x000000008ed00000|  0%| F|  |TAMS 0x000000008ec00000, 0x000000008ec00000| Untracked 
| 237|0x000000008ed00000, 0x000000008ed00000, 0x000000008ee00000|  0%| F|  |TAMS 0x000000008ed00000, 0x000000008ed00000| Untracked 
| 238|0x000000008ee00000, 0x000000008ee00000, 0x000000008ef00000|  0%| F|  |TAMS 0x000000008ee00000, 0x000000008ee00000| Untracked 
| 239|0x000000008ef00000, 0x000000008ef00000, 0x000000008f000000|  0%| F|  |TAMS 0x000000008ef00000, 0x000000008ef00000| Untracked 
| 240|0x000000008f000000, 0x000000008f000000, 0x000000008f100000|  0%| F|  |TAMS 0x000000008f000000, 0x000000008f000000| Untracked 
| 241|0x000000008f100000, 0x000000008f100000, 0x000000008f200000|  0%| F|  |TAMS 0x000000008f100000, 0x000000008f100000| Untracked 
| 242|0x000000008f200000, 0x000000008f200000, 0x000000008f300000|  0%| F|  |TAMS 0x000000008f200000, 0x000000008f200000| Untracked 
| 243|0x000000008f300000, 0x000000008f300000, 0x000000008f400000|  0%| F|  |TAMS 0x000000008f300000, 0x000000008f300000| Untracked 
| 244|0x000000008f400000, 0x000000008f400000, 0x000000008f500000|  0%| F|  |TAMS 0x000000008f400000, 0x000000008f400000| Untracked 
| 245|0x000000008f500000, 0x000000008f500000, 0x000000008f600000|  0%| F|  |TAMS 0x000000008f500000, 0x000000008f500000| Untracked 
| 246|0x000000008f600000, 0x000000008f600000, 0x000000008f700000|  0%| F|  |TAMS 0x000000008f600000, 0x000000008f600000| Untracked 
| 247|0x000000008f700000, 0x000000008f700000, 0x000000008f800000|  0%| F|  |TAMS 0x000000008f700000, 0x000000008f700000| Untracked 
| 248|0x000000008f800000, 0x000000008f800000, 0x000000008f900000|  0%| F|  |TAMS 0x000000008f800000, 0x000000008f800000| Untracked 
| 249|0x000000008f900000, 0x000000008f900000, 0x000000008fa00000|  0%| F|  |TAMS 0x000000008f900000, 0x000000008f900000| Untracked 
| 250|0x000000008fa00000, 0x000000008fb00000, 0x000000008fb00000|100%| E|  |TAMS 0x000000008fa00000, 0x000000008fa00000| Complete 
| 251|0x000000008fb00000, 0x000000008fc00000, 0x000000008fc00000|100%| E|CS|TAMS 0x000000008fb00000, 0x000000008fb00000| Complete 
| 252|0x000000008fc00000, 0x000000008fd00000, 0x000000008fd00000|100%| E|CS|TAMS 0x000000008fc00000, 0x000000008fc00000| Complete 
| 253|0x000000008fd00000, 0x000000008fe00000, 0x000000008fe00000|100%| E|CS|TAMS 0x000000008fd00000, 0x000000008fd00000| Complete 
| 254|0x000000008fe00000, 0x000000008ff00000, 0x000000008ff00000|100%| E|CS|TAMS 0x000000008fe00000, 0x000000008fe00000| Complete 
| 255|0x000000008ff00000, 0x0000000090000000, 0x0000000090000000|100%| E|CS|TAMS 0x000000008ff00000, 0x000000008ff00000| Complete 
| 256|0x0000000090000000, 0x0000000090100000, 0x0000000090100000|100%| E|CS|TAMS 0x0000000090000000, 0x0000000090000000| Complete 
| 257|0x0000000090100000, 0x0000000090200000, 0x0000000090200000|100%| E|CS|TAMS 0x0000000090100000, 0x0000000090100000| Complete 
| 258|0x0000000090200000, 0x0000000090300000, 0x0000000090300000|100%| E|CS|TAMS 0x0000000090200000, 0x0000000090200000| Complete 
| 259|0x0000000090300000, 0x0000000090400000, 0x0000000090400000|100%| E|CS|TAMS 0x0000000090300000, 0x0000000090300000| Complete 
| 260|0x0000000090400000, 0x0000000090500000, 0x0000000090500000|100%| E|CS|TAMS 0x0000000090400000, 0x0000000090400000| Complete 
| 261|0x0000000090500000, 0x0000000090600000, 0x0000000090600000|100%| E|CS|TAMS 0x0000000090500000, 0x0000000090500000| Complete 
| 262|0x0000000090600000, 0x0000000090700000, 0x0000000090700000|100%| E|CS|TAMS 0x0000000090600000, 0x0000000090600000| Complete 
| 263|0x0000000090700000, 0x0000000090800000, 0x0000000090800000|100%| E|CS|TAMS 0x0000000090700000, 0x0000000090700000| Complete 
| 264|0x0000000090800000, 0x0000000090900000, 0x0000000090900000|100%| E|CS|TAMS 0x0000000090800000, 0x0000000090800000| Complete 
| 265|0x0000000090900000, 0x0000000090a00000, 0x0000000090a00000|100%| E|CS|TAMS 0x0000000090900000, 0x0000000090900000| Complete 
| 266|0x0000000090a00000, 0x0000000090b00000, 0x0000000090b00000|100%| E|CS|TAMS 0x0000000090a00000, 0x0000000090a00000| Complete 
| 267|0x0000000090b00000, 0x0000000090c00000, 0x0000000090c00000|100%| E|CS|TAMS 0x0000000090b00000, 0x0000000090b00000| Complete 
| 268|0x0000000090c00000, 0x0000000090d00000, 0x0000000090d00000|100%| E|CS|TAMS 0x0000000090c00000, 0x0000000090c00000| Complete 
| 269|0x0000000090d00000, 0x0000000090e00000, 0x0000000090e00000|100%| E|CS|TAMS 0x0000000090d00000, 0x0000000090d00000| Complete 
| 270|0x0000000090e00000, 0x0000000090f00000, 0x0000000090f00000|100%| E|CS|TAMS 0x0000000090e00000, 0x0000000090e00000| Complete 
| 271|0x0000000090f00000, 0x0000000091000000, 0x0000000091000000|100%| E|CS|TAMS 0x0000000090f00000, 0x0000000090f00000| Complete 
| 272|0x0000000091000000, 0x0000000091100000, 0x0000000091100000|100%| E|CS|TAMS 0x0000000091000000, 0x0000000091000000| Complete 
| 273|0x0000000091100000, 0x0000000091200000, 0x0000000091200000|100%| E|CS|TAMS 0x0000000091100000, 0x0000000091100000| Complete 
| 274|0x0000000091200000, 0x0000000091300000, 0x0000000091300000|100%| E|CS|TAMS 0x0000000091200000, 0x0000000091200000| Complete 
| 275|0x0000000091300000, 0x0000000091400000, 0x0000000091400000|100%| E|CS|TAMS 0x0000000091300000, 0x0000000091300000| Complete 
| 276|0x0000000091400000, 0x0000000091500000, 0x0000000091500000|100%| E|CS|TAMS 0x0000000091400000, 0x0000000091400000| Complete 
| 277|0x0000000091500000, 0x0000000091600000, 0x0000000091600000|100%| E|CS|TAMS 0x0000000091500000, 0x0000000091500000| Complete 
| 278|0x0000000091600000, 0x0000000091700000, 0x0000000091700000|100%| E|CS|TAMS 0x0000000091600000, 0x0000000091600000| Complete 
| 279|0x0000000091700000, 0x0000000091800000, 0x0000000091800000|100%| E|CS|TAMS 0x0000000091700000, 0x0000000091700000| Complete 
| 280|0x0000000091800000, 0x0000000091900000, 0x0000000091900000|100%| E|CS|TAMS 0x0000000091800000, 0x0000000091800000| Complete 
| 281|0x0000000091900000, 0x0000000091a00000, 0x0000000091a00000|100%| E|CS|TAMS 0x0000000091900000, 0x0000000091900000| Complete 
| 282|0x0000000091a00000, 0x0000000091b00000, 0x0000000091b00000|100%| E|CS|TAMS 0x0000000091a00000, 0x0000000091a00000| Complete 
| 283|0x0000000091b00000, 0x0000000091c00000, 0x0000000091c00000|100%| E|CS|TAMS 0x0000000091b00000, 0x0000000091b00000| Complete 
| 284|0x0000000091c00000, 0x0000000091d00000, 0x0000000091d00000|100%| E|CS|TAMS 0x0000000091c00000, 0x0000000091c00000| Complete 
| 285|0x0000000091d00000, 0x0000000091e00000, 0x0000000091e00000|100%| E|CS|TAMS 0x0000000091d00000, 0x0000000091d00000| Complete 
| 286|0x0000000091e00000, 0x0000000091f00000, 0x0000000091f00000|100%| E|CS|TAMS 0x0000000091e00000, 0x0000000091e00000| Complete 
| 287|0x0000000091f00000, 0x0000000092000000, 0x0000000092000000|100%| E|CS|TAMS 0x0000000091f00000, 0x0000000091f00000| Complete 
| 288|0x0000000092000000, 0x0000000092100000, 0x0000000092100000|100%| E|CS|TAMS 0x0000000092000000, 0x0000000092000000| Complete 
| 289|0x0000000092100000, 0x0000000092200000, 0x0000000092200000|100%| E|CS|TAMS 0x0000000092100000, 0x0000000092100000| Complete 
| 290|0x0000000092200000, 0x0000000092300000, 0x0000000092300000|100%| E|CS|TAMS 0x0000000092200000, 0x0000000092200000| Complete 
| 291|0x0000000092300000, 0x0000000092400000, 0x0000000092400000|100%| E|CS|TAMS 0x0000000092300000, 0x0000000092300000| Complete 
| 292|0x0000000092400000, 0x0000000092500000, 0x0000000092500000|100%| E|CS|TAMS 0x0000000092400000, 0x0000000092400000| Complete 
| 293|0x0000000092500000, 0x0000000092600000, 0x0000000092600000|100%| E|CS|TAMS 0x0000000092500000, 0x0000000092500000| Complete 
| 294|0x0000000092600000, 0x0000000092700000, 0x0000000092700000|100%| E|CS|TAMS 0x0000000092600000, 0x0000000092600000| Complete 
| 295|0x0000000092700000, 0x0000000092800000, 0x0000000092800000|100%| E|CS|TAMS 0x0000000092700000, 0x0000000092700000| Complete 
| 296|0x0000000092800000, 0x0000000092900000, 0x0000000092900000|100%| E|CS|TAMS 0x0000000092800000, 0x0000000092800000| Complete 
| 297|0x0000000092900000, 0x0000000092a00000, 0x0000000092a00000|100%| E|CS|TAMS 0x0000000092900000, 0x0000000092900000| Complete 
| 298|0x0000000092a00000, 0x0000000092b00000, 0x0000000092b00000|100%| E|CS|TAMS 0x0000000092a00000, 0x0000000092a00000| Complete 
| 299|0x0000000092b00000, 0x0000000092c00000, 0x0000000092c00000|100%| E|CS|TAMS 0x0000000092b00000, 0x0000000092b00000| Complete 
| 300|0x0000000092c00000, 0x0000000092d00000, 0x0000000092d00000|100%| E|CS|TAMS 0x0000000092c00000, 0x0000000092c00000| Complete 
| 301|0x0000000092d00000, 0x0000000092e00000, 0x0000000092e00000|100%| E|CS|TAMS 0x0000000092d00000, 0x0000000092d00000| Complete 
| 302|0x0000000092e00000, 0x0000000092f00000, 0x0000000092f00000|100%| E|CS|TAMS 0x0000000092e00000, 0x0000000092e00000| Complete 
| 303|0x0000000092f00000, 0x0000000093000000, 0x0000000093000000|100%| E|CS|TAMS 0x0000000092f00000, 0x0000000092f00000| Complete 
| 304|0x0000000093000000, 0x0000000093100000, 0x0000000093100000|100%| E|CS|TAMS 0x0000000093000000, 0x0000000093000000| Complete 
| 305|0x0000000093100000, 0x0000000093200000, 0x0000000093200000|100%| E|CS|TAMS 0x0000000093100000, 0x0000000093100000| Complete 
| 306|0x0000000093200000, 0x0000000093300000, 0x0000000093300000|100%| E|CS|TAMS 0x0000000093200000, 0x0000000093200000| Complete 
| 307|0x0000000093300000, 0x0000000093400000, 0x0000000093400000|100%| E|CS|TAMS 0x0000000093300000, 0x0000000093300000| Complete 
| 308|0x0000000093400000, 0x0000000093500000, 0x0000000093500000|100%| E|CS|TAMS 0x0000000093400000, 0x0000000093400000| Complete 
| 309|0x0000000093500000, 0x0000000093600000, 0x0000000093600000|100%| E|CS|TAMS 0x0000000093500000, 0x0000000093500000| Complete 
| 310|0x0000000093600000, 0x0000000093700000, 0x0000000093700000|100%| E|CS|TAMS 0x0000000093600000, 0x0000000093600000| Complete 
| 311|0x0000000093700000, 0x0000000093800000, 0x0000000093800000|100%| E|CS|TAMS 0x0000000093700000, 0x0000000093700000| Complete 
| 312|0x0000000093800000, 0x0000000093900000, 0x0000000093900000|100%| E|CS|TAMS 0x0000000093800000, 0x0000000093800000| Complete 
| 313|0x0000000093900000, 0x0000000093a00000, 0x0000000093a00000|100%| E|CS|TAMS 0x0000000093900000, 0x0000000093900000| Complete 
| 314|0x0000000093a00000, 0x0000000093b00000, 0x0000000093b00000|100%| E|CS|TAMS 0x0000000093a00000, 0x0000000093a00000| Complete 
| 315|0x0000000093b00000, 0x0000000093c00000, 0x0000000093c00000|100%| E|CS|TAMS 0x0000000093b00000, 0x0000000093b00000| Complete 
| 316|0x0000000093c00000, 0x0000000093d00000, 0x0000000093d00000|100%| E|CS|TAMS 0x0000000093c00000, 0x0000000093c00000| Complete 
| 317|0x0000000093d00000, 0x0000000093e00000, 0x0000000093e00000|100%| E|CS|TAMS 0x0000000093d00000, 0x0000000093d00000| Complete 

Card table byte_map: [0x00000210e8800000,0x00000210e8c00000] _byte_map_base: 0x00000210e8400000

Marking Bits (Prev, Next): (CMBitMap*) 0x00000210d5605c28, (CMBitMap*) 0x00000210d5605c60
 Prev Bits: [0x00000210e9000000, 0x00000210eb000000)
 Next Bits: [0x00000210eb000000, 0x00000210ed000000)

Polling page: 0x00000210d4d80000

Metaspace:

Usage:
  Non-class:     42.92 MB capacity,    42.15 MB ( 98%) used,   660.99 KB (  2%) free+waste,   133.62 KB ( <1%) overhead. 
      Class:      6.65 MB capacity,     6.14 MB ( 92%) used,   462.99 KB (  7%) free+waste,    63.94 KB ( <1%) overhead. 
       Both:     49.57 MB capacity,    48.28 MB ( 97%) used,     1.10 MB (  2%) free+waste,   197.56 KB ( <1%) overhead. 

Virtual space:
  Non-class space:       44.00 MB reserved,      42.92 MB ( 98%) committed 
      Class space:        1.00 GB reserved,       6.75 MB ( <1%) committed 
             Both:        1.04 GB reserved,      49.67 MB (  5%) committed 

Chunk freelists:
   Non-Class:  0 bytes
       Class:  5.00 KB
        Both:  5.00 KB

MaxMetaspaceSize: 17179869184.00 GB
CompressedClassSpaceSize: 1.00 GB
Initial GC threshold: 20.80 MB
Current GC threshold: 58.83 MB
CDS: off

CodeHeap 'non-profiled nmethods': size=120000Kb used=2949Kb max_used=2949Kb free=117050Kb
 bounds [0x00000210e0ba0000, 0x00000210e0e90000, 0x00000210e80d0000]
CodeHeap 'profiled nmethods': size=120000Kb used=10277Kb max_used=10277Kb free=109722Kb
 bounds [0x00000210d9670000, 0x00000210da080000, 0x00000210e0ba0000]
CodeHeap 'non-nmethods': size=5760Kb used=2299Kb max_used=2326Kb free=3460Kb
 bounds [0x00000210d90d0000, 0x00000210d9340000, 0x00000210d9670000]
 total_blobs=5898 nmethods=5096 adapters=713
 compilation: enabled
              stopped_count=0, restarted_count=0
 full_count=0

Compilation events (20 events):
Event: 106.969 Thread 0x00000210f03b2000 nmethod 4951 0x00000210e0e73610 code [0x00000210e0e737c0, 0x00000210e0e73d98]
Event: 107.259 Thread 0x00000210f03b2000 4952   !   4       java.util.concurrent.locks.AbstractQueuedSynchronizer::acquireQueued (74 bytes)
Event: 107.266 Thread 0x00000210f03b2000 nmethod 4952 0x00000210e0e73f10 code [0x00000210e0e74100, 0x00000210e0e74790]
Event: 107.274 Thread 0x00000210f03b2000 4953       4       java.util.concurrent.locks.AbstractQueuedSynchronizer::enq (37 bytes)
Event: 107.278 Thread 0x00000210f03b2000 nmethod 4953 0x00000210e0e74b10 code [0x00000210e0e74cc0, 0x00000210e0e75008]
Event: 107.414 Thread 0x00000210f03b2000 4954       4       java.util.concurrent.locks.AbstractQueuedSynchronizer$ConditionObject::awaitNanos (181 bytes)
Event: 107.443 Thread 0x00000210f03b2000 nmethod 4954 0x00000210e0e75110 code [0x00000210e0e753a0, 0x00000210e0e76a98]
Event: 108.908 Thread 0x00000210f03c3000 4955       3       java.util.concurrent.ThreadPoolExecutor::workerCountOf (5 bytes)
Event: 108.908 Thread 0x00000210f03c3000 nmethod 4955 0x00000210da03d310 code [0x00000210da03d4c0, 0x00000210da03d598]
Event: 109.265 Thread 0x00000210f03b2000 4956   !   4       java.util.concurrent.LinkedBlockingQueue::poll (128 bytes)
Event: 109.285 Thread 0x00000210f03b2000 nmethod 4956 0x00000210e0e77590 code [0x00000210e0e777c0, 0x00000210e0e780f0]
Event: 109.285 Thread 0x00000210f03b2000 4957       4       org.gradle.launcher.daemon.server.exec.DaemonConnectionBackedEventConsumer$ForwardEvents::moreMessagesToSend (35 bytes)
Event: 109.285 Thread 0x00000210f03b2000 nmethod 4957 0x00000210e0e78910 code [0x00000210e0e78aa0, 0x00000210e0e78b38]
Event: 110.792 Thread 0x00000210f03c3000 4958       1       org.gradle.cache.internal.filelock.LockOptionsBuilder::getMode (5 bytes)
Event: 110.792 Thread 0x00000210f03c3000 nmethod 4958 0x00000210e0e78c10 code [0x00000210e0e78dc0, 0x00000210e0e78e78]
Event: 110.916 Thread 0x00000210f03b2000 4959       4       java.util.Collections$UnmodifiableCollection::contains (11 bytes)
Event: 110.917 Thread 0x00000210f03b2000 nmethod 4959 0x00000210e0e78f10 code [0x00000210e0e790a0, 0x00000210e0e79138]
Event: 114.910 Thread 0x00000210f03c3000 4960       1       org.gradle.internal.concurrent.ManagedExecutorImpl::access$100 (5 bytes)
Event: 114.910 Thread 0x00000210f03b2000 4961       4       javax.management.ObjectName::construct (1135 bytes)
Event: 114.910 Thread 0x00000210f03c3000 nmethod 4960 0x00000210e0e79210 code [0x00000210e0e793c0, 0x00000210e0e79458]

GC Heap History (10 events):
Event: 9.474 GC heap before
{Heap before GC invocations=0 (full 0):
 garbage-first heap   total 325632K, used 29696K [0x0000000080000000, 0x0000000100000000)
  region size 1024K, 24 young (24576K), 0 survivors (0K)
 Metaspace       used 10120K, capacity 10327K, committed 10624K, reserved 1058816K
  class space    used 1033K, capacity 1106K, committed 1152K, reserved 1048576K
}
Event: 9.478 GC heap after
{Heap after GC invocations=1 (full 0):
 garbage-first heap   total 325632K, used 9305K [0x0000000080000000, 0x0000000100000000)
  region size 1024K, 3 young (3072K), 3 survivors (3072K)
 Metaspace       used 10120K, capacity 10327K, committed 10624K, reserved 1058816K
  class space    used 1033K, capacity 1106K, committed 1152K, reserved 1048576K
}
Event: 24.011 GC heap before
{Heap before GC invocations=1 (full 0):
 garbage-first heap   total 325632K, used 106585K [0x0000000080000000, 0x0000000100000000)
  region size 1024K, 98 young (100352K), 3 survivors (3072K)
 Metaspace       used 20762K, capacity 21183K, committed 21296K, reserved 1069056K
  class space    used 2528K, capacity 2685K, committed 2688K, reserved 1048576K
}
Event: 24.023 GC heap after
{Heap after GC invocations=2 (full 0):
 garbage-first heap   total 325632K, used 17282K [0x0000000080000000, 0x0000000100000000)
  region size 1024K, 11 young (11264K), 11 survivors (11264K)
 Metaspace       used 20762K, capacity 21183K, committed 21296K, reserved 1069056K
  class space    used 2528K, capacity 2685K, committed 2688K, reserved 1048576K
}
Event: 28.142 GC heap before
{Heap before GC invocations=3 (full 0):
 garbage-first heap   total 325632K, used 57218K [0x0000000080000000, 0x0000000100000000)
  region size 1024K, 50 young (51200K), 11 survivors (11264K)
 Metaspace       used 24777K, capacity 25361K, committed 25648K, reserved 1071104K
  class space    used 3179K, capacity 3384K, committed 3456K, reserved 1048576K
}
Event: 28.149 GC heap after
{Heap after GC invocations=4 (full 0):
 garbage-first heap   total 325632K, used 18363K [0x0000000080000000, 0x0000000100000000)
  region size 1024K, 2 young (2048K), 2 survivors (2048K)
 Metaspace       used 24777K, capacity 25361K, committed 25648K, reserved 1071104K
  class space    used 3179K, capacity 3384K, committed 3456K, reserved 1048576K
}
Event: 43.802 GC heap before
{Heap before GC invocations=4 (full 0):
 garbage-first heap   total 325632K, used 99259K [0x0000000080000000, 0x0000000100000000)
  region size 1024K, 82 young (83968K), 2 survivors (2048K)
 Metaspace       used 34867K, capacity 35721K, committed 35888K, reserved 1081344K
  class space    used 4563K, capacity 4887K, committed 4992K, reserved 1048576K
}
Event: 43.810 GC heap after
{Heap after GC invocations=5 (full 0):
 garbage-first heap   total 325632K, used 21963K [0x0000000080000000, 0x0000000100000000)
  region size 1024K, 6 young (6144K), 6 survivors (6144K)
 Metaspace       used 34867K, capacity 35721K, committed 35888K, reserved 1081344K
  class space    used 4563K, capacity 4887K, committed 4992K, reserved 1048576K
}
Event: 61.919 GC heap before
{Heap before GC invocations=6 (full 0):
 garbage-first heap   total 325632K, used 127435K [0x0000000080000000, 0x0000000100000000)
  region size 1024K, 106 young (108544K), 6 survivors (6144K)
 Metaspace       used 44798K, capacity 45819K, committed 46000K, reserved 1089536K
  class space    used 5663K, capacity 6064K, committed 6144K, reserved 1048576K
}
Event: 61.929 GC heap after
{Heap after GC invocations=7 (full 0):
 garbage-first heap   total 325632K, used 29447K [0x0000000080000000, 0x0000000100000000)
  region size 1024K, 13 young (13312K), 13 survivors (13312K)
 Metaspace       used 44798K, capacity 45819K, committed 46000K, reserved 1089536K
  class space    used 5663K, capacity 6064K, committed 6144K, reserved 1048576K
}

Deoptimization events (20 events):
Event: 63.059 Thread 0x00000210f1478000 Uncommon trap: trap_request=0xffffffc6 fr.pc=0x00000210e0ceb6a0 relative=0x0000000000000240
Event: 63.059 Thread 0x00000210f1478000 Uncommon trap: reason=bimorphic_or_optimized_type_check action=maybe_recompile pc=0x00000210e0ceb6a0 method=com.google.common.base.CharMatcher.indexIn(Ljava/lang/CharSequence;I)I @ 31 c2
Event: 63.059 Thread 0x00000210f1478000 DEOPT PACKING pc=0x00000210e0ceb6a0 sp=0x000000aa697f74e0
Event: 63.059 Thread 0x00000210f1478000 DEOPT UNPACKING pc=0x00000210d911a1af sp=0x000000aa697f7488 mode 2
Event: 63.073 Thread 0x00000210f1478000 Uncommon trap: trap_request=0xffffffc6 fr.pc=0x00000210e0ceb6a0 relative=0x0000000000000240
Event: 63.073 Thread 0x00000210f1478000 Uncommon trap: reason=bimorphic_or_optimized_type_check action=maybe_recompile pc=0x00000210e0ceb6a0 method=com.google.common.base.CharMatcher.indexIn(Ljava/lang/CharSequence;I)I @ 31 c2
Event: 63.073 Thread 0x00000210f1478000 DEOPT PACKING pc=0x00000210e0ceb6a0 sp=0x000000aa697f8f20
Event: 63.073 Thread 0x00000210f1478000 DEOPT UNPACKING pc=0x00000210d911a1af sp=0x000000aa697f8ec8 mode 2
Event: 63.096 Thread 0x00000210f1478000 Uncommon trap: trap_request=0xffffff4d fr.pc=0x00000210e0c3c78c relative=0x00000000000001cc
Event: 63.096 Thread 0x00000210f1478000 Uncommon trap: reason=unstable_if action=reinterpret pc=0x00000210e0c3c78c method=java.net.URI$Parser.scan(IILjava/lang/String;)I @ 26 c2
Event: 63.096 Thread 0x00000210f1478000 DEOPT PACKING pc=0x00000210e0c3c78c sp=0x000000aa697f8390
Event: 63.096 Thread 0x00000210f1478000 DEOPT UNPACKING pc=0x00000210d911a1af sp=0x000000aa697f8320 mode 2
Event: 63.097 Thread 0x00000210f1478000 Uncommon trap: trap_request=0xffffff4d fr.pc=0x00000210e0bfd65c relative=0x000000000000011c
Event: 63.097 Thread 0x00000210f1478000 Uncommon trap: reason=unstable_if action=reinterpret pc=0x00000210e0bfd65c method=java.net.URI.match(CJJ)Z @ 45 c2
Event: 63.097 Thread 0x00000210f1478000 DEOPT PACKING pc=0x00000210e0bfd65c sp=0x000000aa697f8100
Event: 63.097 Thread 0x00000210f1478000 DEOPT UNPACKING pc=0x00000210d911a1af sp=0x000000aa697f8038 mode 2
Event: 63.097 Thread 0x00000210f1478000 Uncommon trap: trap_request=0xffffff4d fr.pc=0x00000210e0bc1068 relative=0x0000000000000048
Event: 63.097 Thread 0x00000210f1478000 Uncommon trap: reason=unstable_if action=reinterpret pc=0x00000210e0bc1068 method=java.net.URI.match(CJJ)Z @ 19 c2
Event: 63.097 Thread 0x00000210f1478000 DEOPT PACKING pc=0x00000210e0bc1068 sp=0x000000aa697f8110
Event: 63.097 Thread 0x00000210f1478000 DEOPT UNPACKING pc=0x00000210d911a1af sp=0x000000aa697f80c0 mode 2

Classes redefined (0 events):
No events

Internal exceptions (20 events):
Event: 62.884 Thread 0x00000210f1478000 Exception <a 'java/lang/ClassNotFoundException'{0x0000000093bd1678}: org/gradle/api/internal/initialization/DefaultScriptHandlerBeanInfo> (0x0000000093bd1678) thrown at [src/hotspot/share/classfile/systemDictionary.cpp, line 230]
Event: 62.885 Thread 0x00000210f1478000 Exception <a 'java/lang/ClassNotFoundException'{0x0000000093bfa8c8}: org/gradle/api/internal/initialization/DefaultScriptHandlerCustomizer> (0x0000000093bfa8c8) thrown at [src/hotspot/share/classfile/systemDictionary.cpp, line 230]
Event: 63.023 Thread 0x00000210f1478000 Exception <a 'java/lang/ClassNotFoundException'{0x00000000932f78f0}: org/gradle/api/internal/artifacts/dsl/dependencies/DefaultDependencyHandler_DecoratedBeanInfo> (0x00000000932f78f0) thrown at [src/hotspot/share/classfile/systemDictionary.cpp, line 230]
Event: 63.024 Thread 0x00000210f1478000 Exception <a 'java/lang/ClassNotFoundException'{0x00000000931355c8}: org/gradle/api/internal/artifacts/dsl/dependencies/DefaultDependencyHandlerBeanInfo> (0x00000000931355c8) thrown at [src/hotspot/share/classfile/systemDictionary.cpp, line 230]
Event: 63.025 Thread 0x00000210f1478000 Exception <a 'java/lang/ClassNotFoundException'{0x0000000093172ff0}: org/gradle/api/internal/artifacts/dsl/dependencies/DefaultDependencyHandlerCustomizer> (0x0000000093172ff0) thrown at [src/hotspot/share/classfile/systemDictionary.cpp, line 230]
Event: 63.029 Thread 0x00000210f1478000 Exception <a 'java/lang/ClassNotFoundException'{0x00000000931dbb68}: org/gradle/api/internal/artifacts/dsl/dependencies/DefaultDependencyHandler_DecoratedCustomizer> (0x00000000931dbb68) thrown at [src/hotspot/share/classfile/systemDictionary.cpp, line 230]
Event: 63.049 Thread 0x00000210f1478000 Exception <a 'java/lang/ClassNotFoundException'{0x00000000930f3560}: org/gradle/plugin/use/internal/PluginRequestCollector$PluginDependenciesSpecImplBeanInfo> (0x00000000930f3560) thrown at [src/hotspot/share/classfile/systemDictionary.cpp, line 230]
Event: 63.050 Thread 0x00000210f1478000 Exception <a 'java/lang/ClassNotFoundException'{0x0000000092f21f38}: org/gradle/plugin/use/internal/PluginRequestCollector$PluginDependenciesSpecImplCustomizer> (0x0000000092f21f38) thrown at [src/hotspot/share/classfile/systemDictionary.cpp, line 230]
Event: 63.055 Thread 0x00000210f1478000 Exception <a 'java/lang/ClassNotFoundException'{0x0000000092f823c0}: org/gradle/plugin/use/internal/PluginRequestCollector$PluginDependencySpecImplBeanInfo> (0x0000000092f823c0) thrown at [src/hotspot/share/classfile/systemDictionary.cpp, line 230]
Event: 63.056 Thread 0x00000210f1478000 Exception <a 'java/lang/ClassNotFoundException'{0x0000000092fafad0}: org/gradle/plugin/use/internal/PluginRequestCollector$PluginDependencySpecImplCustomizer> (0x0000000092fafad0) thrown at [src/hotspot/share/classfile/systemDictionary.cpp, line 230]
Event: 63.704 Thread 0x00000210f1478000 Exception <a 'java/lang/NoSuchMethodError'{0x00000000929a6700}: 'java.lang.Object java.lang.invoke.DirectMethodHandle$Holder.invokeStatic(java.lang.Object, int, java.lang.Object)'> (0x00000000929a6700) thrown at [src/hotspot/share/interpreter/linkResolver.cpp, line 773]
Event: 66.487 Thread 0x00000210f1478000 Exception <a 'java/lang/IncompatibleClassChangeError'{0x0000000091bb79f0}: Found class java.lang.Object, but interface was expected> (0x0000000091bb79f0) thrown at [src/hotspot/share/interpreter/linkResolver.cpp, line 839]
Event: 66.913 Thread 0x00000210f1478000 Exception <a 'java/lang/NoSuchMethodError'{0x000000009125ee88}: 'int java.lang.invoke.DirectMethodHandle$Holder.invokeStaticInit(java.lang.Object)'> (0x000000009125ee88) thrown at [src/hotspot/share/interpreter/linkResolver.cpp, line 773]
Event: 66.938 Thread 0x00000210f1478000 Exception <a 'java/lang/NoSuchMethodError'{0x000000009108b210}: 'void java.lang.invoke.DirectMethodHandle$Holder.invokeStatic(java.lang.Object, java.lang.Object, java.lang.Object, int, java.lang.Object)'> (0x000000009108b210) thrown at [src/hotspot/share/interpreter/linkResolver.cpp, line 773]
Event: 67.168 Thread 0x00000210f1478000 Exception <a 'java/lang/NoSuchMethodError'{0x0000000090c03cc0}: 'java.lang.Object java.lang.invoke.DelegatingMethodHandle$Holder.reinvoke_L(java.lang.Object, java.lang.Object, java.lang.Object, java.lang.Object, java.lang.Object, java.lang.Object, java.lang.Object, java.lang.Object, java.lang.Object, java.lang.Object, java.lang.Object, java.lang.Object, java.lang.Object, java.lang.Object, java.lang.Object, java.lang.Object, java.lang.Object, java.lang.Object, java.lang.Object, java.lang.Object, java.lang.O
Event: 67.169 Thread 0x00000210f1478000 Exception <a 'java/lang/NoSuchMethodError'{0x0000000090c0f920}: 'java.lang.Object java.lang.invoke.Invokers$Holder.invoker(java.lang.Object, java.lang.Object, java.lang.Object, java.lang.Object, java.lang.Object, java.lang.Object, java.lang.Object, java.lang.Object, java.lang.Object, java.lang.Object, java.lang.Object, java.lang.Object, java.lang.Object, java.lang.Object, java.lang.Object, java.lang.Object, java.lang.Object, java.lang.Object, java.lang.Object, java.lang.Object, java.lang.Object)'> (0x00000
Event: 67.169 Thread 0x00000210f1478000 Exception <a 'java/lang/NoSuchMethodError'{0x0000000090c16c90}: 'java.lang.Object java.lang.invoke.DelegatingMethodHandle$Holder.delegate(java.lang.Object, java.lang.Object, java.lang.Object, java.lang.Object, java.lang.Object, java.lang.Object, java.lang.Object, java.lang.Object, java.lang.Object, java.lang.Object, java.lang.Object, java.lang.Object, java.lang.Object, java.lang.Object, java.lang.Object, java.lang.Object, java.lang.Object, java.lang.Object, java.lang.Object, java.lang.Object, java.lang.Obj
Event: 67.200 Thread 0x00000210f1478000 Exception <a 'java/lang/NoSuchMethodError'{0x0000000090c5f9d0}: 'java.lang.Object java.lang.invoke.DirectMethodHandle$Holder.invokeStatic(java.lang.Object, java.lang.Object, java.lang.Object, java.lang.Object, java.lang.Object, java.lang.Object, java.lang.Object, java.lang.Object, java.lang.Object, java.lang.Object, java.lang.Object, java.lang.Object, java.lang.Object, java.lang.Object, java.lang.Object)'> (0x0000000090c5f9d0) thrown at [src/hotspot/share/interpreter/linkResolver.cpp, line 773]
Event: 67.201 Thread 0x00000210f1478000 Exception <a 'java/lang/NoSuchMethodError'{0x0000000090c702b0}: 'java.lang.Object java.lang.invoke.DirectMethodHandle$Holder.invokeStatic(java.lang.Object, java.lang.Object, java.lang.Object, java.lang.Object, java.lang.Object, java.lang.Object, java.lang.Object, java.lang.Object, java.lang.Object, java.lang.Object, java.lang.Object, java.lang.Object, java.lang.Object, java.lang.Object, java.lang.Object, java.lang.Object)'> (0x0000000090c702b0) thrown at [src/hotspot/share/interpreter/linkResolver.cpp, lin
Event: 67.201 Thread 0x00000210f1478000 Exception <a 'java/lang/NoSuchMethodError'{0x0000000090c80d38}: 'java.lang.Object java.lang.invoke.DelegatingMethodHandle$Holder.reinvoke_L(java.lang.Object, java.lang.Object, java.lang.Object, java.lang.Object, java.lang.Object, java.lang.Object, java.lang.Object, java.lang.Object, java.lang.Object, java.lang.Object, java.lang.Object, java.lang.Object, java.lang.Object, java.lang.Object, java.lang.Object, java.lang.Object, java.lang.Object, java.lang.Object, java.lang.Object, java.lang.Object)'> (0x000000

Events (20 events):
Event: 92.940 loading class org/gradle/api/internal/artifacts/ivyservice/resolveengine/excludes/factories/NormalizingExcludeFactory$UnionOf
Event: 92.940 loading class org/gradle/api/internal/artifacts/ivyservice/resolveengine/excludes/factories/NormalizingExcludeFactory$UnionOf done
Event: 92.940 loading class org/gradle/api/internal/artifacts/ivyservice/resolveengine/excludes/specs/ExcludeSpec
Event: 92.940 loading class org/gradle/api/internal/artifacts/ivyservice/resolveengine/excludes/specs/ExcludeSpec done
Event: 92.940 loading class org/gradle/api/internal/artifacts/ivyservice/resolveengine/excludes/specs/ExcludeSpec
Event: 92.940 loading class org/gradle/api/internal/artifacts/ivyservice/resolveengine/excludes/specs/ExcludeSpec done
Event: 92.941 loading class org/gradle/api/internal/artifacts/ivyservice/resolveengine/excludes/specs/GroupExclude
Event: 92.941 loading class org/gradle/api/internal/artifacts/ivyservice/resolveengine/excludes/specs/GroupExclude done
Event: 92.942 loading class org/gradle/api/internal/artifacts/ivyservice/resolveengine/excludes/specs/ModuleExclude
Event: 92.942 loading class org/gradle/api/internal/artifacts/ivyservice/resolveengine/excludes/specs/ModuleExclude done
Event: 92.942 loading class org/gradle/api/internal/artifacts/ivyservice/resolveengine/excludes/specs/ModuleIdSetExclude
Event: 92.942 loading class org/gradle/api/internal/artifacts/ivyservice/resolveengine/excludes/specs/ModuleIdSetExclude done
Event: 92.943 loading class org/gradle/api/artifacts/ModuleIdentifier
Event: 92.943 loading class org/gradle/api/artifacts/ModuleIdentifier done
Event: 92.943 loading class org/gradle/api/internal/artifacts/ivyservice/resolveengine/excludes/specs/ModuleIdExclude
Event: 92.943 loading class org/gradle/api/internal/artifacts/ivyservice/resolveengine/excludes/specs/ModuleIdExclude done
Event: 92.943 loading class org/gradle/api/internal/artifacts/ivyservice/resolveengine/excludes/simple/DefaultModuleIdSetExclude
Event: 92.943 loading class org/gradle/api/internal/artifacts/ivyservice/resolveengine/excludes/simple/DefaultModuleIdSetExclude done
Event: 92.944 loading class org/gradle/api/internal/artifacts/ivyservice/resolveengine/excludes/factories/ExcludeFactory
Event: 92.944 loading class org/gradle/api/internal/artifacts/ivyservice/resolveengine/excludes/factories/ExcludeFactory done


Dynamic libraries:
0x00007ff62a400000 - 0x00007ff62a40a000 	C:\Program Files\Android\Android Studio\jbr\bin\java.exe
0x00007ffe39710000 - 0x00007ffe39926000 	C:\WINDOWS\SYSTEM32\ntdll.dll
0x00007ffe38bb0000 - 0x00007ffe38c73000 	C:\WINDOWS\System32\KERNEL32.DLL
0x00007ffe36da0000 - 0x00007ffe3714d000 	C:\WINDOWS\System32\KERNELBASE.dll
0x00007ffe33e40000 - 0x00007ffe33eda000 	C:\WINDOWS\SYSTEM32\apphelp.dll
0x00007ffe37360000 - 0x00007ffe37476000 	C:\WINDOWS\System32\ucrtbase.dll
0x00007ffe0d790000 - 0x00007ffe0d7a7000 	C:\Program Files\Android\Android Studio\jbr\bin\jli.dll
0x00007ffe0d560000 - 0x00007ffe0d57b000 	C:\Program Files\Android\Android Studio\jbr\bin\VCRUNTIME140.dll
0x00007ffe37700000 - 0x00007ffe378b3000 	C:\WINDOWS\System32\USER32.dll
0x00007ffe36a50000 - 0x00007ffe36a77000 	C:\WINDOWS\System32\win32u.dll
0x00007ffe1a120000 - 0x00007ffe1a3be000 	C:\WINDOWS\WinSxS\amd64_microsoft.windows.common-controls_6595b64144ccf1df_6.0.25324.1000_none_7b811a06a3d22351\COMCTL32.dll
0x00007ffe37ca0000 - 0x00007ffe37cc9000 	C:\WINDOWS\System32\GDI32.dll
0x00007ffe382f0000 - 0x00007ffe38397000 	C:\WINDOWS\System32\msvcrt.dll
0x00007ffe36c70000 - 0x00007ffe36d90000 	C:\WINDOWS\System32\gdi32full.dll
0x00007ffe36a80000 - 0x00007ffe36b25000 	C:\WINDOWS\System32\msvcp_win.dll
0x00007ffe39500000 - 0x00007ffe39530000 	C:\WINDOWS\System32\IMM32.DLL
0x00007ffe20330000 - 0x00007ffe2033c000 	C:\Program Files\Android\Android Studio\jbr\bin\vcruntime140_1.dll
0x00007ffdd0700000 - 0x00007ffdd078d000 	C:\Program Files\Android\Android Studio\jbr\bin\msvcp140.dll
0x00007ffddb310000 - 0x00007ffddbecc000 	C:\Program Files\Android\Android Studio\jbr\bin\server\jvm.dll
0x00007ffe38c80000 - 0x00007ffe38d30000 	C:\WINDOWS\System32\ADVAPI32.dll
0x00007ffe39370000 - 0x00007ffe39415000 	C:\WINDOWS\System32\sechost.dll
0x00007ffe39210000 - 0x00007ffe3933c000 	C:\WINDOWS\System32\RPCRT4.dll
0x00007ffe38d40000 - 0x00007ffe38d48000 	C:\WINDOWS\System32\PSAPI.DLL
0x00007ffe2d130000 - 0x00007ffe2d139000 	C:\WINDOWS\SYSTEM32\WSOCK32.dll
0x00007ffe30580000 - 0x00007ffe305b6000 	C:\WINDOWS\SYSTEM32\WINMM.dll
0x00007ffe2fe60000 - 0x00007ffe2fe6a000 	C:\WINDOWS\SYSTEM32\VERSION.dll
0x00007ffe37930000 - 0x00007ffe379a4000 	C:\WINDOWS\System32\WS2_32.dll
0x00007ffe359f0000 - 0x00007ffe35a08000 	C:\WINDOWS\SYSTEM32\kernel.appcore.dll
0x00007ffe2d120000 - 0x00007ffe2d130000 	C:\Program Files\Android\Android Studio\jbr\bin\verify.dll
0x00007ffe271d0000 - 0x00007ffe27405000 	C:\WINDOWS\SYSTEM32\DBGHELP.DLL
0x00007ffe37d70000 - 0x00007ffe3811c000 	C:\WINDOWS\System32\combase.dll
0x00007ffe39420000 - 0x00007ffe394f8000 	C:\WINDOWS\System32\OLEAUT32.dll
0x00007ffe1fa50000 - 0x00007ffe1fa82000 	C:\WINDOWS\SYSTEM32\dbgcore.DLL
0x00007ffe372d0000 - 0x00007ffe37357000 	C:\WINDOWS\System32\bcryptPrimitives.dll
0x00007ffe2d0f0000 - 0x00007ffe2d118000 	C:\Program Files\Android\Android Studio\jbr\bin\java.dll
0x00007ffe2cec0000 - 0x00007ffe2ceca000 	C:\Program Files\Android\Android Studio\jbr\bin\jimage.dll
0x00007ffe2cae0000 - 0x00007ffe2caf8000 	C:\Program Files\Android\Android Studio\jbr\bin\zip.dll
0x00007ffe383a0000 - 0x00007ffe38b9f000 	C:\WINDOWS\System32\SHELL32.dll
0x00007ffe34950000 - 0x00007ffe351e9000 	C:\WINDOWS\SYSTEM32\windows.storage.dll
0x00007ffe395e0000 - 0x00007ffe396c1000 	C:\WINDOWS\System32\SHCORE.dll
0x00007ffe37d10000 - 0x00007ffe37d6d000 	C:\WINDOWS\System32\shlwapi.dll
0x00007ffe36970000 - 0x00007ffe36991000 	C:\WINDOWS\SYSTEM32\profapi.dll
0x00007ffe2cac0000 - 0x00007ffe2cad9000 	C:\Program Files\Android\Android Studio\jbr\bin\net.dll
0x00007ffe2b380000 - 0x00007ffe2b4ae000 	C:\WINDOWS\SYSTEM32\WINHTTP.dll
0x00007ffe35e80000 - 0x00007ffe35ee9000 	C:\WINDOWS\system32\mswsock.dll
0x00007ffe2b570000 - 0x00007ffe2b583000 	C:\Program Files\Android\Android Studio\jbr\bin\nio.dll
0x00007ffdf1af0000 - 0x00007ffdf1b17000 	C:\Users\joseb\.gradle\native\e1d6ef7f7dcc3fd88c89a11ec53ec762bb8ba0a96d01ffa2cd45eb1d1d8dd5c5\windows-amd64\native-platform.dll
0x00007ffda6390000 - 0x00007ffda64d4000 	C:\Users\joseb\.gradle\native\0d407fdbe67a94daf76414ababcb853783967236a71b16ec16e742cd7a986fd3\windows-amd64\native-platform-file-events.dll
0x00007ffe2ceb0000 - 0x00007ffe2ceba000 	C:\Program Files\Android\Android Studio\jbr\bin\management.dll
0x00007ffe2cab0000 - 0x00007ffe2cabb000 	C:\Program Files\Android\Android Studio\jbr\bin\management_ext.dll
0x00007ffe36110000 - 0x00007ffe3612b000 	C:\WINDOWS\SYSTEM32\CRYPTSP.dll
0x00007ffe35950000 - 0x00007ffe35986000 	C:\WINDOWS\system32\rsaenh.dll
0x00007ffe35f80000 - 0x00007ffe35fa8000 	C:\WINDOWS\SYSTEM32\USERENV.dll
0x00007ffe36300000 - 0x00007ffe36328000 	C:\WINDOWS\SYSTEM32\bcrypt.dll
0x00007ffe36130000 - 0x00007ffe3613c000 	C:\WINDOWS\SYSTEM32\CRYPTBASE.dll
0x00007ffe35310000 - 0x00007ffe3533f000 	C:\WINDOWS\SYSTEM32\IPHLPAPI.DLL
0x00007ffe37d00000 - 0x00007ffe37d09000 	C:\WINDOWS\System32\NSI.dll
0x00007ffe2b0f0000 - 0x00007ffe2b109000 	C:\WINDOWS\SYSTEM32\dhcpcsvc6.DLL
0x00007ffe2b0d0000 - 0x00007ffe2b0ee000 	C:\WINDOWS\SYSTEM32\dhcpcsvc.DLL
0x00007ffe35480000 - 0x00007ffe3558e000 	C:\WINDOWS\SYSTEM32\DNSAPI.dll

dbghelp: loaded successfully - version: 4.0.5 - missing functions: none
symbol engine: initialized successfully - sym options: 0x614 - pdb path: .;C:\Program Files\Android\Android Studio\jbr\bin;C:\WINDOWS\SYSTEM32;C:\WINDOWS\WinSxS\amd64_microsoft.windows.common-controls_6595b64144ccf1df_6.0.25324.1000_none_7b811a06a3d22351;C:\Program Files\Android\Android Studio\jbr\bin\server;C:\Users\joseb\.gradle\native\e1d6ef7f7dcc3fd88c89a11ec53ec762bb8ba0a96d01ffa2cd45eb1d1d8dd5c5\windows-amd64;C:\Users\joseb\.gradle\native\0d407fdbe67a94daf76414ababcb853783967236a71b16ec16e742cd7a986fd3\windows-amd64

VM Arguments:
jvm_args: --add-opens=java.base/java.util=ALL-UNNAMED --add-opens=java.base/java.lang=ALL-UNNAMED --add-opens=java.base/java.lang.invoke=ALL-UNNAMED --add-opens=java.base/java.util=ALL-UNNAMED --add-opens=java.prefs/java.util.prefs=ALL-UNNAMED --add-opens=java.prefs/java.util.prefs=ALL-UNNAMED --add-opens=java.base/java.nio.charset=ALL-UNNAMED --add-opens=java.base/java.net=ALL-UNNAMED --add-opens=java.base/java.util.concurrent.atomic=ALL-UNNAMED -Xmx2048m -Dfile.encoding=UTF-8 -Duser.country=ES -Duser.language=es -Duser.variant 
java_command: org.gradle.launcher.daemon.bootstrap.GradleDaemon 7.5
java_class_path (initial): C:\Users\joseb\.gradle\wrapper\dists\gradle-7.5-bin\f1w0cc9nuo0eivz97x2xlu9sv\gradle-7.5\lib\gradle-launcher-7.5.jar
Launcher Type: SUN_STANDARD

[Global flags]
     intx CICompilerCount                          = 4                                         {product} {ergonomic}
     uint ConcGCThreads                            = 2                                         {product} {ergonomic}
     uint G1ConcRefinementThreads                  = 8                                         {product} {ergonomic}
   size_t G1HeapRegionSize                         = 1048576                                   {product} {ergonomic}
    uintx GCDrainStackTargetSize                   = 64                                        {product} {ergonomic}
   size_t InitialHeapSize                          = 333447168                                 {product} {ergonomic}
   size_t MarkStackSize                            = 4194304                                   {product} {ergonomic}
   size_t MaxHeapSize                              = 2147483648                                {product} {command line}
   size_t MaxNewSize                               = 1287651328                                {product} {ergonomic}
   size_t MinHeapDeltaBytes                        = 1048576                                   {product} {ergonomic}
    uintx NonNMethodCodeHeapSize                   = 5836300                                {pd product} {ergonomic}
    uintx NonProfiledCodeHeapSize                  = 122910970                              {pd product} {ergonomic}
    uintx ProfiledCodeHeapSize                     = 122910970                              {pd product} {ergonomic}
    uintx ReservedCodeCacheSize                    = 251658240                              {pd product} {ergonomic}
     bool SegmentedCodeCache                       = true                                      {product} {ergonomic}
     bool UseCompressedClassPointers               = true                                 {lp64_product} {ergonomic}
     bool UseCompressedOops                        = true                                 {lp64_product} {ergonomic}
     bool UseG1GC                                  = true                                      {product} {ergonomic}
     bool UseLargePagesIndividualAllocation        = false                                  {pd product} {ergonomic}

Logging:
Log output configuration:
 #0: stdout all=warning uptime,level,tags
 #1: stderr all=off uptime,level,tags

Environment Variables:
JAVA_HOME=C:\Program Files\Java\jdk1.8.0_251
PATH=C:\Program Files (x86)\VMware\VMware Workstation\bin\;C:\Program Files\AdoptOpenJDK\jdk-16.0.1.9-hotspot\bin;C:\Program Files (x86)\Intel\Intel(R) Management Engine Components\iCLS\;C:\Program Files\Intel\Intel(R) Management Engine Components\iCLS\;C:\Program Files (x86)\Common Files\Oracle\Java\javapath;C:\WINDOWS\system32;C:\WINDOWS;C:\WINDOWS\System32\Wbem;C:\WINDOWS\System32\WindowsPowerShell\v1.0\;C:\WINDOWS\System32\OpenSSH\;C:\Program Files (x86)\Intel\Intel(R) Management Engine Components\DAL;C:\Program Files\Intel\Intel(R) Management Engine Components\DAL;C:\Program Files (x86)\Intel\Intel(R) Management Engine Components\IPT;C:\Program Files\Intel\Intel(R) Management Engine Components\IPT;C:\Program Files\NVIDIA Corporation\NVIDIA NvDLISR;C:\Program Files\MySQL\MySQL Server 8.0\bin;C:\Python27;C:\Cassandra\apache-cassandra-3.11.10\bin;C:\Program Files (x86)\NVIDIA Corporation\PhysX\Common;C:\WINDOWS\system32;C:\WINDOWS;C:\WINDOWS\System32\Wbem;C:\WINDOWS\System32\WindowsPowerShell\v1.0\;C:\WINDOWS\System32\OpenSSH\;C:\Program Files\apache-maven-3.9.0\bin;C:\Program Files\Git\cmd;C:\Program Files\MySQL\MySQL Shell 8.0\bin\;C:\Program Files (x86)\Cracklock\Bin;C:\Users\joseb\AppData\Local\Microsoft\WindowsApps;;C:\Users\joseb\AppData\Local\Programs\Microsoft VS Code\bin
USERNAME=joseb
OS=Windows_NT
PROCESSOR_IDENTIFIER=Intel64 Family 6 Model 158 Stepping 10, GenuineIntel



---------------  S Y S T E M  ---------------

OS: Windows 11 , 64 bit Build 25324 (10.0.25324.1000)
OS uptime: 5 days 15:56 hours

CPU:total 8 (initial active 8) (4 cores per cpu, 2 threads per core) family 6 model 158 stepping 10 microcode 0xde, cmov, cx8, fxsr, mmx, sse, sse2, sse3, ssse3, sse4.1, sse4.2, popcnt, avx, avx2, aes, clmul, erms, 3dnowpref, lzcnt, ht, tsc, tscinvbit, bmi1, bmi2, adx, fma

Memory: 4k page, system-wide physical 20320M (1447M free)
TotalPageFile size 28541M (AvailPageFile size 950M)
current process WorkingSet (physical memory assigned to process): 290M, peak: 299M
current process commit charge ("private bytes"): 505M, peak: 520M

vm_info: OpenJDK 64-Bit Server VM (11.0.15+0-b2043.56-9505619) for windows-amd64 JRE (11.0.15+0-b2043.56-9505619), built on Jan 19 2023 02:48:00 by "builduser" with unknown MS VC++:1929

END.
